2020-04-07 08:42:40,725 :: INFO :: *****************************************************
2020-04-07 08:42:40,726 :: INFO :: Scrapping Influencer Twitter at Apr-07-2020 08:42:40
2020-04-07 08:42:40,726 :: INFO :: *****************************************************
2020-04-07 08:42:40,726 :: INFO :: Reading input\Twitter_Token.txt
2020-04-07 08:42:41,024 :: INFO :: Reading input\Twitter Infuencer List.txt
2020-04-07 08:43:01,564 :: INFO :: No more tweets found
2020-04-07 08:43:01,565 :: INFO :: Preprocessing texts for :ElSatanico
2020-04-07 08:43:20,559 :: INFO :: No more tweets found
2020-04-07 08:43:20,566 :: INFO :: Preprocessing texts for :RealEvilHRLady
2020-04-07 08:43:44,575 :: INFO :: No more tweets found
2020-04-07 08:43:44,582 :: INFO :: Preprocessing texts for :TimSackett
2020-04-07 08:44:08,166 :: INFO :: No more tweets found
2020-04-07 08:44:08,170 :: INFO :: Preprocessing texts for :jasonaverbook
2020-04-07 08:44:28,782 :: INFO :: No more tweets found
2020-04-07 08:44:28,789 :: INFO :: Preprocessing texts for :Fishdogs
2020-04-07 08:44:52,197 :: INFO :: No more tweets found
2020-04-07 08:44:52,203 :: INFO :: Preprocessing texts for :jackyeclayton
2020-04-07 08:45:12,538 :: INFO :: No more tweets found
2020-04-07 08:45:12,545 :: INFO :: Preprocessing texts for :Josh_Bersin
2020-04-07 08:45:36,126 :: INFO :: No more tweets found
2020-04-07 08:45:36,128 :: INFO :: Preprocessing texts for :billkutik
2020-04-07 08:45:57,937 :: INFO :: No more tweets found
2020-04-07 08:45:57,942 :: INFO :: Preprocessing texts for :MervynDinnen
2020-04-07 08:46:19,472 :: INFO :: No more tweets found
2020-04-07 08:46:19,475 :: INFO :: Preprocessing texts for :JenniferMcClure
2020-04-07 08:46:41,355 :: INFO :: No more tweets found
2020-04-07 08:46:41,361 :: INFO :: Preprocessing texts for :mikemmoon
2020-04-07 08:46:58,660 :: INFO :: No more tweets found
2020-04-07 08:46:58,667 :: INFO :: Preprocessing texts for :SteveBoese
2020-04-07 08:47:17,010 :: INFO :: No more tweets found
2020-04-07 08:47:17,016 :: INFO :: Preprocessing texts for :jmillermerrell
2020-04-07 08:47:38,801 :: INFO :: No more tweets found
2020-04-07 08:47:38,807 :: INFO :: Preprocessing texts for :MeghanMBiro
2020-04-07 08:47:39,041 :: INFO :: done

2020-04-07 08:47:39,045 :: INFO :: Number of tweets for ElSatanico is 3187
2020-04-07 08:47:39,046 :: INFO :: Number of tweets for RealEvilHRLady is 2832
2020-04-07 08:47:39,047 :: INFO :: Number of tweets for TimSackett is 3015
2020-04-07 08:47:39,048 :: INFO :: Number of tweets for jasonaverbook is 3205
2020-04-07 08:47:39,048 :: INFO :: Number of tweets for Fishdogs is 3104
2020-04-07 08:47:39,051 :: INFO :: Number of tweets for jackyeclayton is 3082
2020-04-07 08:47:39,052 :: INFO :: Number of tweets for Josh_Bersin is 3176
2020-04-07 08:47:39,056 :: INFO :: Number of tweets for billkutik is 2332
2020-04-07 08:47:39,057 :: INFO :: Number of tweets for MervynDinnen is 3194
2020-04-07 08:47:39,058 :: INFO :: Number of tweets for JenniferMcClure is 3136
2020-04-07 08:47:39,059 :: INFO :: Number of tweets for mikemmoon is 3192
2020-04-07 08:47:39,060 :: INFO :: Number of tweets for SteveBoese is 3106
2020-04-07 08:47:39,063 :: INFO :: Number of tweets for jmillermerrell is 3130
2020-04-07 08:47:39,068 :: INFO :: Number of tweets for MeghanMBiro is 2530
2020-04-07 08:47:39,390 :: INFO :: Saving data to DCHR_Influencer_tweets.xlsx .... 
2020-04-07 08:47:42,735 :: INFO :: ######################################
2020-04-07 08:47:42,736 :: INFO ::   Done saving   Apr-07-2020 08:47:42
2020-04-07 08:47:42,736 :: INFO :: ######################################



2020-04-08 13:59:47,115 :: INFO :: *****************************************************
2020-04-08 13:59:47,115 :: INFO :: Scrapping Influencer Twitter at Apr-08-2020 13:59:47
2020-04-08 13:59:47,116 :: INFO :: *****************************************************
2020-04-08 13:59:47,116 :: INFO :: Reading input\Twitter_Token.txt
2020-04-08 13:59:47,565 :: INFO :: Reading input\Twitter Infuencer List.txt
2020-04-08 14:00:04,372 :: INFO :: No more tweets found
2020-04-08 14:00:04,373 :: INFO :: Preprocessing texts for :ElSatanico
2020-04-08 14:00:24,257 :: INFO :: No more tweets found
2020-04-08 14:00:24,257 :: INFO :: Preprocessing texts for :RealEvilHRLady
2020-04-08 14:00:45,065 :: INFO :: No more tweets found
2020-04-08 14:00:45,066 :: INFO :: Preprocessing texts for :TimSackett
2020-04-08 14:01:06,791 :: INFO :: No more tweets found
2020-04-08 14:01:06,792 :: INFO :: Preprocessing texts for :jasonaverbook
2020-04-08 14:01:25,563 :: INFO :: No more tweets found
2020-04-08 14:01:25,563 :: INFO :: Preprocessing texts for :Fishdogs
2020-04-08 14:01:46,988 :: INFO :: No more tweets found
2020-04-08 14:01:46,988 :: INFO :: Preprocessing texts for :jackyeclayton
2020-04-08 14:02:06,801 :: INFO :: No more tweets found
2020-04-08 14:02:06,801 :: INFO :: Preprocessing texts for :Josh_Bersin
2020-04-08 14:02:29,563 :: INFO :: No more tweets found
2020-04-08 14:02:29,564 :: INFO :: Preprocessing texts for :billkutik
2020-04-08 14:02:51,139 :: INFO :: No more tweets found
2020-04-08 14:02:51,139 :: INFO :: Preprocessing texts for :MervynDinnen
2020-04-08 14:03:11,067 :: INFO :: No more tweets found
2020-04-08 14:03:11,068 :: INFO :: Preprocessing texts for :JenniferMcClure
2020-04-08 14:03:32,557 :: INFO :: No more tweets found
2020-04-08 14:03:32,558 :: INFO :: Preprocessing texts for :mikemmoon
2020-04-08 14:03:48,936 :: INFO :: No more tweets found
2020-04-08 14:03:48,937 :: INFO :: Preprocessing texts for :SteveBoese
2020-04-08 14:04:05,404 :: INFO :: No more tweets found
2020-04-08 14:04:05,405 :: INFO :: Preprocessing texts for :jmillermerrell
2020-04-08 14:04:23,233 :: INFO :: No more tweets found
2020-04-08 14:04:23,233 :: INFO :: Preprocessing texts for :MeghanMBiro
2020-04-08 14:04:23,421 :: INFO :: done

2020-04-08 14:04:23,421 :: INFO :: Number of tweets for ElSatanico is 3188
2020-04-08 14:04:23,421 :: INFO :: Number of tweets for RealEvilHRLady is 2844
2020-04-08 14:04:23,421 :: INFO :: Number of tweets for TimSackett is 3027
2020-04-08 14:04:23,422 :: INFO :: Number of tweets for jasonaverbook is 3175
2020-04-08 14:04:23,422 :: INFO :: Number of tweets for Fishdogs is 3104
2020-04-08 14:04:23,422 :: INFO :: Number of tweets for jackyeclayton is 3084
2020-04-08 14:04:23,422 :: INFO :: Number of tweets for Josh_Bersin is 3177
2020-04-08 14:04:23,422 :: INFO :: Number of tweets for billkutik is 2332
2020-04-08 14:04:23,423 :: INFO :: Number of tweets for MervynDinnen is 3172
2020-04-08 14:04:23,423 :: INFO :: Number of tweets for JenniferMcClure is 3089
2020-04-08 14:04:23,423 :: INFO :: Number of tweets for mikemmoon is 3147
2020-04-08 14:04:23,423 :: INFO :: Number of tweets for SteveBoese is 3109
2020-04-08 14:04:23,424 :: INFO :: Number of tweets for jmillermerrell is 3131
2020-04-08 14:04:23,424 :: INFO :: Number of tweets for MeghanMBiro is 2493
2020-04-08 14:04:23,655 :: INFO :: Saving data to DCHR_Influencer_tweets.xlsx .... 
2020-04-08 14:04:26,704 :: INFO :: ######################################
2020-04-08 14:04:26,704 :: INFO ::   Done saving   Apr-08-2020 14:04:26
2020-04-08 14:04:26,704 :: INFO :: ######################################



