2020-04-07 09:03:01,150 :: INFO :: *****************************************************
2020-04-07 09:03:01,151 :: INFO :: Scrapping By Topic Twitter at Apr-07-2020 09:03:01
2020-04-07 09:03:01,151 :: INFO :: *****************************************************
2020-04-07 09:03:01,151 :: INFO :: Reading input\Twitter_Token.txt
2020-04-07 09:03:01,504 :: INFO :: Reading input\Twitter By Topic List.txt
2020-04-07 09:03:06,695 :: INFO :: No more tweets found
2020-04-07 09:03:06,696 :: INFO :: Downloaded 646 tweets
2020-04-07 09:03:10,333 :: INFO :: No more tweets found
2020-04-07 09:03:10,333 :: INFO :: Downloaded 430 tweets
2020-04-07 09:03:11,255 :: INFO :: No more tweets found
2020-04-07 09:03:11,264 :: INFO :: Downloaded 22 tweets
2020-04-07 09:03:11,954 :: INFO :: No more tweets found
2020-04-07 09:03:11,957 :: INFO :: Downloaded 2 tweets
2020-04-07 09:03:12,242 :: INFO :: No more tweets found
2020-04-07 09:03:12,243 :: INFO :: Downloaded 0 tweets
2020-04-07 09:03:12,587 :: INFO :: No more tweets found
2020-04-07 09:03:12,594 :: INFO :: Downloaded 0 tweets
2020-04-07 09:03:13,610 :: INFO :: No more tweets found
2020-04-07 09:03:13,615 :: INFO :: Downloaded 71 tweets
2020-04-07 09:03:14,247 :: INFO :: No more tweets found
2020-04-07 09:03:14,248 :: INFO :: Downloaded 13 tweets
2020-04-07 09:03:14,940 :: INFO :: No more tweets found
2020-04-07 09:03:14,941 :: INFO :: Downloaded 5 tweets
2020-04-07 09:03:16,301 :: INFO :: No more tweets found
2020-04-07 09:03:16,302 :: INFO :: Downloaded 138 tweets
2020-04-07 09:03:20,635 :: INFO :: No more tweets found
2020-04-07 09:03:20,640 :: INFO :: Downloaded 634 tweets
2020-04-07 09:03:21,318 :: INFO :: No more tweets found
2020-04-07 09:03:21,320 :: INFO :: Downloaded 10 tweets
2020-04-07 09:03:33,173 :: INFO :: No more tweets found
2020-04-07 09:03:33,175 :: INFO :: Downloaded 1632 tweets
2020-04-07 09:03:34,043 :: INFO :: No more tweets found
2020-04-07 09:03:34,045 :: INFO :: Downloaded 11 tweets
2020-04-07 09:03:35,324 :: INFO :: No more tweets found
2020-04-07 09:03:35,328 :: INFO :: Downloaded 105 tweets
2020-04-07 09:03:35,979 :: INFO :: No more tweets found
2020-04-07 09:03:35,981 :: INFO :: Downloaded 1 tweets
2020-04-07 09:03:36,844 :: INFO :: No more tweets found
2020-04-07 09:03:36,849 :: INFO :: Downloaded 55 tweets
2020-04-07 09:03:37,134 :: INFO :: No more tweets found
2020-04-07 09:03:37,141 :: INFO :: Downloaded 0 tweets
2020-04-07 09:03:37,776 :: INFO :: No more tweets found
2020-04-07 09:03:37,778 :: INFO :: Downloaded 9 tweets
2020-04-07 09:03:38,074 :: INFO :: No more tweets found
2020-04-07 09:03:38,077 :: INFO :: Downloaded 0 tweets
2020-04-07 09:03:38,942 :: INFO :: No more tweets found
2020-04-07 09:03:38,946 :: INFO :: Downloaded 57 tweets
2020-04-07 09:03:40,360 :: INFO :: No more tweets found
2020-04-07 09:03:40,362 :: INFO :: Downloaded 169 tweets
2020-04-07 09:03:40,399 :: INFO :: done

2020-04-07 09:03:40,406 :: INFO :: Number of tweets for #HR Tech is 291
2020-04-07 09:03:40,408 :: INFO :: Number of tweets for #HR Analytics is 206
2020-04-07 09:03:40,411 :: INFO :: Number of tweets for #Compensation Management is 11
2020-04-07 09:03:40,414 :: INFO :: Number of tweets for #Competency Management is 1
2020-04-07 09:03:40,415 :: INFO :: Number of tweets for #Core HR is 0
2020-04-07 09:03:40,420 :: INFO :: Number of tweets for #Full Suite is 0
2020-04-07 09:03:40,429 :: INFO :: Number of tweets for #Employee Benefits is 47
2020-04-07 09:03:40,430 :: INFO :: Number of tweets for #Engagement Surveys is 8
2020-04-07 09:03:40,432 :: INFO :: Number of tweets for #Learning Management Solutions is 2
2020-04-07 09:03:40,435 :: INFO :: Number of tweets for #HR LMS is 56
2020-04-07 09:03:40,442 :: INFO :: Number of tweets for #Onboarding is 494
2020-04-07 09:03:40,443 :: INFO :: Number of tweets for #Employee Recognition is 9
2020-04-07 09:03:40,447 :: INFO :: Number of tweets for #Payroll is 1242
2020-04-07 09:03:40,453 :: INFO :: Number of tweets for #People Analytics is 9
2020-04-07 09:03:40,455 :: INFO :: Number of tweets for #Performance Management is 82
2020-04-07 09:03:40,462 :: INFO :: Number of tweets for #Organisation Chart is 0
2020-04-07 09:03:40,464 :: INFO :: Number of tweets for #Recruitment Selection is 29
2020-04-07 09:03:40,465 :: INFO :: Number of tweets for #Specialised Analytics is 0
2020-04-07 09:03:40,468 :: INFO :: Number of tweets for #Time Attendance is 7
2020-04-07 09:03:40,476 :: INFO :: Number of tweets for #Training Courseware is 0
2020-04-07 09:03:40,479 :: INFO :: Number of tweets for #Psychometrics is 53
2020-04-07 09:03:40,480 :: INFO :: Number of tweets for #Video Platform is 126
2020-04-07 09:03:43,182 :: INFO :: Saving data to DCHR_Twitters_by_topics .... 
2020-04-07 09:03:45,469 :: INFO :: ######################################
2020-04-07 09:03:45,469 :: INFO ::   Done saving   Apr-07-2020 09:03:45
2020-04-07 09:03:45,469 :: INFO :: ######################################



2020-04-08 16:15:03,358 :: INFO :: *****************************************************
2020-04-08 16:15:03,358 :: INFO :: Scrapping By Topic Twitter at Apr-08-2020 16:15:03
2020-04-08 16:15:03,358 :: INFO :: *****************************************************
2020-04-08 16:15:03,359 :: INFO :: Reading input\Twitter_Token.txt
2020-04-08 16:15:03,826 :: INFO :: Reading input\Twitter By Topic List.txt
2020-04-08 16:15:09,193 :: INFO :: No more tweets found
2020-04-08 16:15:09,193 :: INFO :: Downloaded 634 tweets
2020-04-08 16:15:12,925 :: INFO :: No more tweets found
2020-04-08 16:15:12,925 :: INFO :: Downloaded 415 tweets
2020-04-08 16:15:13,597 :: INFO :: No more tweets found
2020-04-08 16:15:13,597 :: INFO :: Downloaded 23 tweets
2020-04-08 16:15:14,207 :: INFO :: No more tweets found
2020-04-08 16:15:14,208 :: INFO :: Downloaded 2 tweets
2020-04-08 16:15:14,572 :: INFO :: No more tweets found
2020-04-08 16:15:14,572 :: INFO :: Downloaded 0 tweets
2020-04-08 16:15:14,881 :: INFO :: No more tweets found
2020-04-08 16:15:14,882 :: INFO :: Downloaded 0 tweets
2020-04-08 16:15:15,701 :: INFO :: No more tweets found
2020-04-08 16:15:15,701 :: INFO :: Downloaded 62 tweets
2020-04-08 16:15:16,409 :: INFO :: No more tweets found
2020-04-08 16:15:16,409 :: INFO :: Downloaded 12 tweets
2020-04-08 16:15:17,102 :: INFO :: No more tweets found
2020-04-08 16:15:17,102 :: INFO :: Downloaded 5 tweets
2020-04-08 16:15:18,864 :: INFO :: No more tweets found
2020-04-08 16:15:18,864 :: INFO :: Downloaded 146 tweets
2020-04-08 16:15:23,132 :: INFO :: No more tweets found
2020-04-08 16:15:23,132 :: INFO :: Downloaded 640 tweets
2020-04-08 16:15:23,882 :: INFO :: No more tweets found
2020-04-08 16:15:23,883 :: INFO :: Downloaded 12 tweets
2020-04-08 16:15:36,277 :: INFO :: No more tweets found
2020-04-08 16:15:36,277 :: INFO :: Downloaded 1584 tweets
2020-04-08 16:15:37,062 :: INFO :: No more tweets found
2020-04-08 16:15:37,062 :: INFO :: Downloaded 11 tweets
2020-04-08 16:15:38,243 :: INFO :: No more tweets found
2020-04-08 16:15:38,244 :: INFO :: Downloaded 94 tweets
2020-04-08 16:15:38,937 :: INFO :: No more tweets found
2020-04-08 16:15:38,937 :: INFO :: Downloaded 1 tweets
2020-04-08 16:15:39,831 :: INFO :: No more tweets found
2020-04-08 16:15:39,831 :: INFO :: Downloaded 44 tweets
2020-04-08 16:15:40,128 :: INFO :: No more tweets found
2020-04-08 16:15:40,128 :: INFO :: Downloaded 0 tweets
2020-04-08 16:15:40,785 :: INFO :: No more tweets found
2020-04-08 16:15:40,785 :: INFO :: Downloaded 8 tweets
2020-04-08 16:15:41,110 :: INFO :: No more tweets found
2020-04-08 16:15:41,110 :: INFO :: Downloaded 0 tweets
2020-04-08 16:15:42,112 :: INFO :: No more tweets found
2020-04-08 16:15:42,113 :: INFO :: Downloaded 66 tweets
2020-04-08 16:15:43,753 :: INFO :: No more tweets found
2020-04-08 16:15:43,753 :: INFO :: Downloaded 178 tweets
2020-04-08 16:15:43,764 :: INFO :: done

2020-04-08 16:15:43,764 :: INFO :: Number of tweets for #HR Tech is 302
2020-04-08 16:15:43,764 :: INFO :: Number of tweets for #HR Analytics is 204
2020-04-08 16:15:43,764 :: INFO :: Number of tweets for #Compensation Management is 13
2020-04-08 16:15:43,765 :: INFO :: Number of tweets for #Competency Management is 1
2020-04-08 16:15:43,765 :: INFO :: Number of tweets for #Core HR is 0
2020-04-08 16:15:43,765 :: INFO :: Number of tweets for #Full Suite is 0
2020-04-08 16:15:43,765 :: INFO :: Number of tweets for #Employee Benefits is 39
2020-04-08 16:15:43,765 :: INFO :: Number of tweets for #Engagement Surveys is 10
2020-04-08 16:15:43,766 :: INFO :: Number of tweets for #Learning Management Solutions is 2
2020-04-08 16:15:43,766 :: INFO :: Number of tweets for #HR LMS is 59
2020-04-08 16:15:43,766 :: INFO :: Number of tweets for #Onboarding is 508
2020-04-08 16:15:43,767 :: INFO :: Number of tweets for #Employee Recognition is 11
2020-04-08 16:15:43,767 :: INFO :: Number of tweets for #Payroll is 1201
2020-04-08 16:15:43,767 :: INFO :: Number of tweets for #People Analytics is 9
2020-04-08 16:15:43,767 :: INFO :: Number of tweets for #Performance Management is 80
2020-04-08 16:15:43,767 :: INFO :: Number of tweets for #Organisation Chart is 0
2020-04-08 16:15:43,767 :: INFO :: Number of tweets for #Recruitment Selection is 26
2020-04-08 16:15:43,767 :: INFO :: Number of tweets for #Specialised Analytics is 0
2020-04-08 16:15:43,768 :: INFO :: Number of tweets for #Time Attendance is 6
2020-04-08 16:15:43,768 :: INFO :: Number of tweets for #Training Courseware is 0
2020-04-08 16:15:43,768 :: INFO :: Number of tweets for #Psychometrics is 52
2020-04-08 16:15:43,768 :: INFO :: Number of tweets for #Video Platform is 121
2020-04-08 16:15:44,773 :: INFO :: Saving data to DCHR_Twitters_by_topics .... 
2020-04-08 16:15:45,646 :: INFO :: ######################################
2020-04-08 16:15:45,646 :: INFO ::   Done saving   Apr-08-2020 16:15:45
2020-04-08 16:15:45,646 :: INFO :: ######################################



2020-04-09 08:23:58,875 :: INFO :: *****************************************************
2020-04-09 08:23:58,875 :: INFO :: Scrapping By Topic Twitter at Apr-09-2020 08:23:58
2020-04-09 08:23:58,875 :: INFO :: *****************************************************
2020-04-09 08:23:58,876 :: INFO :: Reading input\Twitter_Token.txt
