2020-04-08 17:02:20,435 :: INFO :: **************************************************************
2020-04-08 17:02:20,436 :: INFO :: Scrapping Google RSS News by Keyword at Apr-08-2020 17:02:20
2020-04-08 17:02:20,436 :: INFO :: **************************************************************

2020-04-08 17:02:20,436 :: INFO :: Scrapping for ... :HRTECH
2020-04-08 17:02:21,711 :: INFO :: Scraping : https://yourstory.com/2020/04/london-headquartered-hrtech-startup-ixceed-infosys-oracle-hcl
2020-04-08 17:02:22,702 :: INFO :: Scraping : https://www.hrtechnologist.com/news/digital-transformation/hr-technology-service-providers-aim-at-digital-transformation/
2020-04-08 17:02:24,254 :: INFO :: Scraping : https://tech.eu/brief/intrro-preseed/
2020-04-08 17:02:25,161 :: INFO :: Scraping : https://www.entrepreneur.com/article/348712
2020-04-08 17:02:25,590 :: INFO :: Scraping : https://yourstory.com/2020/03/pune-based-hrtech-startup-scikey
2020-04-08 17:02:26,344 :: INFO :: Scraping : https://tech.eu/brief/radahr-funding/
2020-04-08 17:02:26,655 :: INFO :: Scraping : https://hrmasia.com/hr-tech-fest-connect-2020-the-future-of-remote-work-is-now/
2020-04-08 17:02:26,666 :: INFO :: Scraping : https://www.afr.com/technology/hiring-surges-help-hr-tech-capital-raising-over-the-line-despite-virus-20200403-p54gtk
2020-04-08 17:02:27,277 :: INFO :: Scraping : https://hrexecutive.com/dissecting-the-employer-disconnect-in-hr-tech/
2020-04-08 17:02:29,041 :: INFO :: Scraping : https://www.hrtechnologist.com/interviews/digital-transformation/michael-stephan-deloitte-the-rise-of-super-job/
2020-04-08 17:02:29,888 :: INFO :: Scraping : https://sciencein.me/2020/04/08/hr-tech-startups-market-capacity-production-k-units-revenue-million-usd-price-usd-unit-and-gross-margin-2020-2026/
2020-04-08 17:02:29,965 :: INFO :: Scraping : https://www.hcmtechnologyreport.com/virus-disrupts-tech-supply-chain-hr-tech-vendors-open-products/
2020-04-08 17:02:30,704 :: INFO :: Scraping : https://hrexecutive.com/john-sumser-focusing-hr-tech-development-in-the-time-of-the-virus/
2020-04-08 17:02:30,969 :: INFO :: Scraping : https://e27.co/morning-news-roundup-ai-based-real-estate-tech-startup-pupil-receives-funding-from-singapores-city-development-limited-20200319/
2020-04-08 17:02:31,186 :: INFO :: Scraping : https://www.itproportal.com/features/technology-in-hr-are-you-asking-the-right-questions/
2020-04-08 17:02:31,777 :: INFO :: Scraping : https://www.expresscomputer.in/artificial-intelligence-ai/5-hr-tech-startups-that-are-leveraging-ai-for-recruitment/50595/
2020-04-08 17:02:31,788 :: INFO :: Scraping : https://searchhrsoftware.techtarget.com/news/252480100/Coronavirus-may-deliver-an-HR-tech-market-shakeout
2020-04-08 17:02:32,042 :: INFO :: Scraping : https://yourstory.com/2020/03/hr-tech-startups-ai-ml-hiring-talent
2020-04-08 17:02:32,836 :: INFO :: Scraping : http://bwpeople.businessworld.in/article/How-HR-Tech-Is-Changing-The-Traditional-Workplace/16-03-2020-186269
2020-04-08 17:02:33,479 :: INFO :: Scraping : https://www.hcmtechnologyreport.com/hr-tech-vendors-hunker-down-business-despite-virus-spread/
2020-04-08 17:02:33,733 :: INFO :: Scraping : https://www.bizjournals.com/twincities/news/2020/04/06/video-sharing-startup-vidgrid-acquired-by-chicago.html
2020-04-08 17:02:33,817 :: INFO :: Scraping : https://www.aithority.com/hrtechnology/hr-tech-firm-cappfinity-gears-up-for-global-expansion/
2020-04-08 17:32:44,236 :: INFO :: **************************************************************
2020-04-08 17:32:44,236 :: INFO :: Scrapping Google RSS News by Keyword at Apr-08-2020 17:32:44
2020-04-08 17:32:44,236 :: INFO :: **************************************************************

2020-04-08 17:32:44,237 :: INFO :: Scrapping for ... :HRTECH
2020-04-08 17:32:45,289 :: INFO :: Scraping : https://yourstory.com/2020/04/london-headquartered-hrtech-startup-ixceed-infosys-oracle-hcl
2020-04-08 17:32:46,352 :: INFO :: Scraping : https://www.hrtechnologist.com/news/digital-transformation/hr-technology-service-providers-aim-at-digital-transformation/
2020-04-08 17:32:48,619 :: INFO :: Scraping : https://tech.eu/brief/intrro-preseed/
2020-04-08 17:32:49,999 :: INFO :: Scraping : https://www.entrepreneur.com/article/348712
2020-04-08 17:32:50,438 :: INFO :: Scraping : https://yourstory.com/2020/03/pune-based-hrtech-startup-scikey
2020-04-08 17:32:51,381 :: INFO :: Scraping : https://tech.eu/brief/radahr-funding/
2020-04-08 17:32:52,353 :: INFO :: Scraping : https://hrmasia.com/hr-tech-fest-connect-2020-the-future-of-remote-work-is-now/
2020-04-08 17:32:54,219 :: INFO :: Scraping : https://www.afr.com/technology/hiring-surges-help-hr-tech-capital-raising-over-the-line-despite-virus-20200403-p54gtk
2020-04-08 17:32:54,855 :: INFO :: Scraping : https://hrexecutive.com/dissecting-the-employer-disconnect-in-hr-tech/
2020-04-08 17:32:57,403 :: INFO :: Scraping : https://www.hrtechnologist.com/interviews/digital-transformation/michael-stephan-deloitte-the-rise-of-super-job/
2020-04-08 17:32:59,570 :: INFO :: Scraping : https://sciencein.me/2020/04/08/hr-tech-startups-market-capacity-production-k-units-revenue-million-usd-price-usd-unit-and-gross-margin-2020-2026/
2020-04-08 17:32:59,829 :: INFO :: Scraping : https://www.hcmtechnologyreport.com/virus-disrupts-tech-supply-chain-hr-tech-vendors-open-products/
2020-04-08 17:33:00,750 :: INFO :: Scraping : https://hrexecutive.com/john-sumser-focusing-hr-tech-development-in-the-time-of-the-virus/
2020-04-08 17:33:02,926 :: INFO :: Scraping : https://e27.co/morning-news-roundup-ai-based-real-estate-tech-startup-pupil-receives-funding-from-singapores-city-development-limited-20200319/
2020-04-08 17:33:04,240 :: INFO :: Scraping : https://www.itproportal.com/features/technology-in-hr-are-you-asking-the-right-questions/
2020-04-08 17:33:06,404 :: INFO :: Scraping : https://www.expresscomputer.in/artificial-intelligence-ai/5-hr-tech-startups-that-are-leveraging-ai-for-recruitment/50595/
2020-04-08 17:33:07,407 :: INFO :: Scraping : https://searchhrsoftware.techtarget.com/news/252480100/Coronavirus-may-deliver-an-HR-tech-market-shakeout
2020-04-08 17:33:10,914 :: INFO :: **************************************************************
2020-04-08 17:33:10,914 :: INFO :: Scrapping Google RSS News by Keyword at Apr-08-2020 17:33:10
2020-04-08 17:33:10,914 :: INFO :: **************************************************************

2020-04-08 17:33:10,915 :: INFO :: Scrapping for ... :HRTECH
2020-04-08 17:33:11,245 :: INFO :: Scraping : https://yourstory.com/2020/03/hr-tech-startups-ai-ml-hiring-talent
2020-04-08 17:33:11,816 :: INFO :: Scraping : https://yourstory.com/2020/04/london-headquartered-hrtech-startup-ixceed-infosys-oracle-hcl
2020-04-08 17:33:12,170 :: INFO :: Scraping : http://bwpeople.businessworld.in/article/How-HR-Tech-Is-Changing-The-Traditional-Workplace/16-03-2020-186269
2020-04-08 17:33:12,194 :: INFO :: Scraping : https://www.hrtechnologist.com/news/digital-transformation/hr-technology-service-providers-aim-at-digital-transformation/
2020-04-08 17:33:13,499 :: INFO :: Scraping : https://tech.eu/brief/intrro-preseed/
2020-04-08 17:33:14,473 :: INFO :: Scraping : https://www.entrepreneur.com/article/348712
2020-04-08 17:33:14,906 :: INFO :: Scraping : https://www.hcmtechnologyreport.com/hr-tech-vendors-hunker-down-business-despite-virus-spread/
2020-04-08 17:33:15,002 :: INFO :: Scraping : https://yourstory.com/2020/03/pune-based-hrtech-startup-scikey
2020-04-08 17:33:15,334 :: INFO :: Scraping : https://tech.eu/brief/radahr-funding/
2020-04-08 17:33:15,804 :: INFO :: Scraping : https://www.bizjournals.com/twincities/news/2020/04/06/video-sharing-startup-vidgrid-acquired-by-chicago.html
2020-04-08 17:33:16,008 :: INFO :: Scraping : https://www.aithority.com/hrtechnology/hr-tech-firm-cappfinity-gears-up-for-global-expansion/
2020-04-08 17:33:16,315 :: INFO :: Scraping : https://hrmasia.com/hr-tech-fest-connect-2020-the-future-of-remote-work-is-now/
2020-04-08 17:33:18,278 :: INFO :: Scraping : https://www.afr.com/technology/hiring-surges-help-hr-tech-capital-raising-over-the-line-despite-virus-20200403-p54gtk
2020-04-08 17:33:18,487 :: INFO :: Scraping : https://www.hrexchangenetwork.com/events-hr-tech-na/
2020-04-08 17:33:18,620 :: INFO :: Scraping : https://hrexecutive.com/dissecting-the-employer-disconnect-in-hr-tech/
2020-04-08 17:33:20,584 :: INFO :: Scraping : https://www.hrtechnologist.com/interviews/digital-transformation/michael-stephan-deloitte-the-rise-of-super-job/
2020-04-08 17:33:21,048 :: INFO :: Scraping : https://searchhrsoftware.techtarget.com/feature/Josh-Bersin-on-employee-experience-fighting-HR-tech-overload
2020-04-08 17:33:22,014 :: INFO :: Scraping : https://sciencein.me/2020/04/08/hr-tech-startups-market-capacity-production-k-units-revenue-million-usd-price-usd-unit-and-gross-margin-2020-2026/
2020-04-08 17:33:22,148 :: INFO :: Scraping : https://www.hcmtechnologyreport.com/virus-disrupts-tech-supply-chain-hr-tech-vendors-open-products/
2020-04-08 17:33:22,971 :: INFO :: Scraping : https://hrexecutive.com/john-sumser-focusing-hr-tech-development-in-the-time-of-the-virus/
2020-04-08 17:33:24,133 :: INFO :: Scraping : https://www.hrgrapevine.com/content/article/2020-04-06-3-ways-that-your-boss-could-be-spying-on-you
2020-04-08 17:33:24,938 :: INFO :: Scraping : https://e27.co/morning-news-roundup-ai-based-real-estate-tech-startup-pupil-receives-funding-from-singapores-city-development-limited-20200319/
2020-04-08 17:33:25,634 :: INFO :: Scraping : https://www.itproportal.com/features/technology-in-hr-are-you-asking-the-right-questions/
2020-04-08 17:33:26,351 :: INFO :: Scraping : https://hrmasia.com/dissecting-the-employer-disconnect-in-hr-tech/
2020-04-08 17:33:27,092 :: INFO :: Scraping : https://www.expresscomputer.in/artificial-intelligence-ai/5-hr-tech-startups-that-are-leveraging-ai-for-recruitment/50595/
2020-04-08 17:33:27,990 :: INFO :: Scraping : https://searchhrsoftware.techtarget.com/news/252480100/Coronavirus-may-deliver-an-HR-tech-market-shakeout
2020-04-08 17:33:28,317 :: INFO :: Scraping : https://e27.co/event/guide-to-filing-form-ir56b-hr-tech-course-by-talenox-academy/
2020-04-08 17:33:29,014 :: INFO :: Scraping : https://stockhead.com.au/tech/revenues-climb-costs-fall-for-xref-as-its-hr-tech-platform-proves-critical-for-essential-services/
2020-04-08 17:33:29,418 :: INFO :: Scraping : https://www.dealstreetasia.com/stories/engagerocket-qualgro-180512/
2020-04-08 17:33:29,667 :: INFO :: Scraping : https://weetracker.com/2020/03/10/kenya-fuzu-series-a/
2020-04-08 17:33:29,959 :: INFO :: Scraping : https://finance.yahoo.com/news/cisive-honored-cio-applications-top-110000644.html
2020-04-08 17:33:30,686 :: INFO :: Scraping : https://yourstory.com/2020/03/hr-tech-startups-ai-ml-hiring-talent
2020-04-08 17:33:31,105 :: INFO :: Scraping : http://bwpeople.businessworld.in/article/How-HR-Tech-Is-Changing-The-Traditional-Workplace/16-03-2020-186269
2020-04-08 17:33:32,023 :: INFO :: Scraping : https://www.cxotoday.com/news-analysis/hr-tech-that-could-tackle-gender-imbalance-at-workplace/
2020-04-08 17:33:32,727 :: INFO :: Scraping : https://fora.ie/personio-dublin-office-5061772-Mar2020/
2020-04-08 17:33:33,542 :: INFO :: Scraping : https://www.hcmtechnologyreport.com/hr-tech-vendors-hunker-down-business-despite-virus-spread/
2020-04-08 17:33:34,157 :: INFO :: Scraping : https://www.prnewswire.com/news-releases/eleserv-is-recognized-by-hr-tech-magazine-as-a-top-10-assessment-consultingservice-company-for-2020-301020338.html
2020-04-08 17:33:34,370 :: INFO :: Scraping : https://www.marketscreener.com/SAP-AG-436555/news/SAP-Kicks-Off-SAP-iO-Foundry-Paris-for-HR-Tech-Startups-30218282/
2020-04-08 17:33:34,371 :: INFO :: Scraping : https://www.bizjournals.com/twincities/news/2020/04/06/video-sharing-startup-vidgrid-acquired-by-chicago.html
2020-04-08 17:33:34,448 :: INFO :: Scraping : https://www.aithority.com/hrtechnology/hr-tech-firm-cappfinity-gears-up-for-global-expansion/
2020-04-08 17:33:35,791 :: INFO :: Scraping : https://searchhrsoftware.techtarget.com/feature/Josh-Bersin-on-employee-experience-fighting-HR-tech-overload
2020-04-08 17:33:36,592 :: INFO :: Scraping : https://www.forbes.com/sites/alisoncoleman/2020/02/11/seven-hr-tech-startups-transforming-a-very-human-industry/
2020-04-08 17:33:38,471 :: INFO :: Scraping : https://www.hrgrapevine.com/content/article/2020-04-06-3-ways-that-your-boss-could-be-spying-on-you
2020-04-08 17:33:38,481 :: INFO :: Scraping : https://www.americaninno.com/austin/inno-news/austin-hr-platform-company-kazoo-lays-off-35-of-its-workforce/
2020-04-08 17:33:38,746 :: INFO :: Scraping : https://diginomica.com/conversation-thomas-otter-hr-current-climate-and-service-expansion
2020-04-08 17:33:39,288 :: INFO :: Scraping : https://hrmasia.com/steve-boese-navigating-mergers-acquisitions-and-coronavirus/
2020-04-08 17:33:39,868 :: INFO :: Scraping : https://hrmasia.com/dissecting-the-employer-disconnect-in-hr-tech/
2020-04-08 17:33:41,326 :: INFO :: Scraping : https://www.hcmtechnologyreport.com/virtual-campus-recruiting-spotlight/
2020-04-08 17:33:41,756 :: INFO :: Scraping : https://e27.co/event/guide-to-filing-form-ir56b-hr-tech-course-by-talenox-academy/
2020-04-08 17:33:42,153 :: INFO :: Scraping : https://www.business2community.com/human-resources/5-hr-tech-trends-to-look-out-for-in-2020-and-beyond-02277722
2020-04-08 17:33:42,428 :: INFO :: Scraping : https://stockhead.com.au/tech/revenues-climb-costs-fall-for-xref-as-its-hr-tech-platform-proves-critical-for-essential-services/
2020-04-08 17:33:42,829 :: INFO :: Scraping : https://www.dealstreetasia.com/stories/engagerocket-qualgro-180512/
2020-04-08 17:33:43,074 :: INFO :: Scraping : https://weetracker.com/2020/03/10/kenya-fuzu-series-a/
2020-04-08 17:33:43,267 :: INFO :: Scraping : https://finance.yahoo.com/news/cisive-honored-cio-applications-top-110000644.html
2020-04-08 17:33:43,365 :: INFO :: Scraping : https://www.hrtechnologist.com/articles/ai-in-hr/top-hr-tech-trends-2020/
2020-04-08 17:33:43,657 :: INFO :: Scraping : https://www.cxotoday.com/news-analysis/hr-tech-that-could-tackle-gender-imbalance-at-workplace/
2020-04-08 17:33:44,499 :: INFO :: Scraping : https://fora.ie/personio-dublin-office-5061772-Mar2020/
2020-04-08 17:33:44,643 :: INFO :: Scraping : https://www.thehrdirector.com/business-news/absence-management/how-hr-tech-can-help-businesses-keep-track-of-employees-during-covid-19-crisis/
2020-04-08 17:33:45,525 :: INFO :: Scraping : https://www.humanresourcesonline.net/hr-tech-trends-for-2020-and-beyond/
2020-04-08 17:33:46,229 :: INFO :: Scraping : https://www.prnewswire.com/news-releases/eleserv-is-recognized-by-hr-tech-magazine-as-a-top-10-assessment-consultingservice-company-for-2020-301020338.html
2020-04-08 17:33:46,434 :: INFO :: Scraping : https://www.marketscreener.com/SAP-AG-436555/news/SAP-Kicks-Off-SAP-iO-Foundry-Paris-for-HR-Tech-Startups-30218282/
2020-04-08 17:33:49,289 :: INFO :: Scraping : https://www.forbes.com/sites/alisoncoleman/2020/02/11/seven-hr-tech-startups-transforming-a-very-human-industry/
2020-04-08 17:33:50,150 :: INFO :: Scraping : https://hrmasia.com/hr-fest-awards-2020-recognising-the-best-of-hr/
2020-04-08 17:33:51,071 :: INFO :: Scraping : https://www.americaninno.com/austin/inno-news/austin-hr-platform-company-kazoo-lays-off-35-of-its-workforce/
2020-04-08 17:33:51,137 :: INFO :: Scraping : https://diginomica.com/conversation-thomas-otter-hr-current-climate-and-service-expansion
2020-04-08 17:33:51,262 :: INFO :: Scraping : https://hrmasia.com/steve-boese-navigating-mergers-acquisitions-and-coronavirus/
2020-04-08 17:33:52,178 :: INFO :: Scraping : https://www.hcamag.com/asia/specialisation/hr-technology/10-hr-tech-trends-set-to-disrupt-2020/211252
2020-04-08 17:33:53,296 :: INFO :: Scraping : https://www.hcmtechnologyreport.com/virtual-campus-recruiting-spotlight/
2020-04-08 17:33:53,940 :: INFO :: Scraping : https://decrypt.co/24828/covid-19-sets-crypto-startup-funding-back-one-year
2020-04-08 17:33:54,101 :: INFO :: Scraping : https://www.business2community.com/human-resources/5-hr-tech-trends-to-look-out-for-in-2020-and-beyond-02277722
2020-04-08 17:33:55,135 :: INFO :: Scraping : https://www.hrtechnologist.com/articles/ai-in-hr/top-hr-tech-trends-2020/
2020-04-08 17:33:55,227 :: INFO :: Scraping : https://www.entrepreneur.com/article/345686
2020-04-08 17:33:56,679 :: INFO :: Scraping : https://www.techfunnel.com/hr-tech/essential-interview-questions-to-ask-for-a-data-analytics-role/
2020-04-08 17:33:56,713 :: INFO :: Scraping : https://www.thehrdirector.com/business-news/absence-management/how-hr-tech-can-help-businesses-keep-track-of-employees-during-covid-19-crisis/
2020-04-08 17:33:57,379 :: INFO :: Scraping : https://www.humanresourcesonline.net/hr-tech-trends-for-2020-and-beyond/
ch-company-starts-expansion-with.html
2020-04-08 17:33:57,594 :: INFO :: Scraping : https://www.hrexchangenetwork.com/hr-tech/whitepapers/rpa-growing-the-digital-workforce
2020-04-08 17:33:57,763 :: INFO :: Scraping : https://hrmasia.com/hr-fest-awards-2020-recognising-the-best-of-hr/
2020-04-08 17:33:59,653 :: INFO :: Scraping : https://www.hcamag.com/asia/specialisation/hr-technology/10-hr-tech-trends-set-to-disrupt-2020/211252
2020-04-08 17:34:00,015 :: INFO :: Scraping : https://www.hrexchangenetwork.com/hr-tech/articles/top-10-hr-tech-articles-of-2019
2020-04-08 17:34:01,207 :: INFO :: Scraping : https://decrypt.co/24828/covid-19-sets-crypto-startup-funding-back-one-year
2020-04-08 17:34:01,986 :: INFO :: Scraping : https://www.entrepreneur.com/article/345686
2020-04-08 17:34:03,044 :: INFO :: Scraping : https://www.techfunnel.com/hr-tech/essential-interview-questions-to-ask-for-a-data-analytics-role/
2020-04-08 17:34:03,061 :: INFO :: Scraping : https://inc42.com/buzz/ant-farm-founder-rishi-khiani-steps-down-to-build-hrtech-startup/
2020-04-08 17:34:03,727 :: INFO :: Scraping : https://www.bizjournals.com/philadelphia/news/2020/03/11/chester-county-tech-company-starts-expansion-with.html
2020-04-08 17:34:03,843 :: INFO :: Scraping : https://www.hrexchangenetwork.com/hr-tech/whitepapers/rpa-growing-the-digital-workforce
2020-04-08 17:34:06,424 :: INFO :: Scraping : https://www.hrexchangenetwork.com/hr-tech/articles/top-10-hr-tech-articles-of-2019
2020-04-08 17:34:07,004 :: INFO :: Scraping : https://www.hrtechnologist.com/articles/hr-analytics/making-sense-of-hr-tech-in-2021/
2020-04-08 17:34:08,378 :: INFO :: Scraping : https://www.humanresourcesonline.net/three-tips-for-implementing-hr-tech-solutions/
2020-04-08 17:34:09,207 :: INFO :: Scraping : https://inc42.com/buzz/ant-farm-founder-rishi-khiani-steps-down-to-build-hrtech-startup/
2020-04-08 17:34:11,406 :: INFO :: Scraping : https://www.hrtechnologist.com/articles/hr-analytics/making-sense-of-hr-tech-in-2021/
2020-04-08 17:34:12,692 :: INFO :: Scraping : https://www.humanresourcesonline.net/three-tips-for-implementing-hr-tech-solutions/
2020-04-08 17:34:18,923 :: INFO :: Scraping : https://hrexecutive.com/steve-boese-coronavirus-and-the-challenge-to-hr-everywhere/
2020-04-08 17:34:18,926 :: INFO :: Scraping : https://hrexecutive.com/steve-boese-coronavirus-and-the-challenge-to-hr-everywhere/
2020-04-08 17:34:20,957 :: INFO :: Scraping : https://www.hrexchangenetwork.com/online-events/hr-tech-apac
2020-04-08 17:34:21,466 :: INFO :: Scraping : https://www.hrexchangenetwork.com/online-events/hr-tech-apac
2020-04-08 17:34:25,870 :: INFO :: Scraping : https://inc42.com/buzz/hrtech-startup-zimyo-gets-backing-from-yatra-angel-network-for-global-expansion/
2020-04-08 17:34:26,717 :: INFO :: Scraping : https://inc42.com/buzz/hrtech-startup-zimyo-gets-backing-from-yatra-angel-network-for-global-expansion/
2020-04-08 17:34:27,484 :: INFO :: Scraping : https://www.techfunnel.com/hr-tech/effective-communication-in-the-workplace/
2020-04-08 17:34:27,999 :: INFO :: Scraping : https://www.techfunnel.com/hr-tech/effective-communication-in-the-workplace/
2020-04-08 17:34:28,098 :: INFO :: Scraping : https://hrexecutive.com/a-daily-shot-your-covid-19-update/
2020-04-08 17:34:28,712 :: INFO :: Scraping : https://hrexecutive.com/a-daily-shot-your-covid-19-update/
2020-04-08 17:34:30,280 :: INFO :: Scraping : https://www.peoplematters.in/article/HRMS/will-it-be-a-good-year-for-hr-tech-and-startups-in-2020-24158
2020-04-08 17:34:31,105 :: INFO :: Scraping : https://www.peoplematters.in/article/HRMS/will-it-be-a-good-year-for-hr-tech-and-startups-in-2020-24158
2020-04-08 17:34:32,238 :: INFO :: Scraping : https://www.peoplematters.in/article/hr-technology/2019-a-sunny-side-up-year-for-the-hr-tech-startups-24031
2020-04-08 17:34:46,700 :: INFO :: Scraping : https://www.peoplematters.in/article/hr-technology/2019-a-sunny-side-up-year-for-the-hr-tech-startups-24031
2020-04-08 17:34:50,972 :: INFO :: Scraping : https://www.peoplematters.in/article/hr-technology/top-10-investments-in-indian-hr-tech-space-in-2019-23947
2020-04-08 17:34:51,071 :: INFO :: Scraping : https://www.peoplematters.in/article/hr-technology/top-10-investments-in-indian-hr-tech-space-in-2019-23947
2020-04-08 17:34:56,173 :: INFO :: Scraping : https://www.straitstimes.com/business/new-panel-to-study-ways-to-boost-tech-use-in-hr-industry
2020-04-08 17:34:56,391 :: INFO :: Scraping : https://www.techfunnel.com/hr-tech/business-continuity-planning-hr/
2020-04-08 17:34:57,079 :: INFO :: Scraping : https://hrexecutive.com/hr-tech-2019-josh-bersin-on-untangling-the-hr-tech-market/
2020-04-08 17:34:59,253 :: INFO :: Scraping : https://www.aithority.com/hrtechnology/materials-manufacturer-selects-3clogic-to-integrate-with-servicenow-hr-service-delivery/
2020-04-08 17:34:59,869 :: INFO :: Scraping : https://www.straitstimes.com/business/new-panel-to-study-ways-to-boost-tech-use-in-hr-industry
2020-04-08 17:35:00,072 :: INFO :: Scraping : https://www.techfunnel.com/hr-tech/business-continuity-planning-hr/
2020-04-08 17:35:00,576 :: INFO :: Scraping : https://www.techtimes.com/articles/246736/20200104/hr-tech-2020-top-hr-tech-trends-to-implement-in-your-business-this-2020.htm
2020-04-08 17:35:00,654 :: INFO :: Scraping : https://hrexecutive.com/hr-tech-2019-josh-bersin-on-untangling-the-hr-tech-market/
2020-04-08 17:35:01,399 :: INFO :: Scraping : https://www.benefitnews.com/news/employers-plan-greater-investments-in-hr-tech-through-2022
2020-04-08 17:35:02,829 :: INFO :: Scraping : https://www.aithority.com/hrtechnology/materials-manufacturer-selects-3clogic-to-integrate-with-servicenow-hr-service-delivery/
2020-04-08 17:35:03,155 :: INFO :: Scraping : https://techcrunch.com/2019/09/25/india-darwinbox-raises-15m-to-bring-hr-tech-platform-to-more-asian-markets/
2020-04-08 17:35:04,173 :: INFO :: Scraping : https://www.techtimes.com/articles/246736/20200104/hr-tech-2020-top-hr-tech-trends-to-implement-in-your-business-this-2020.htm
2020-04-08 17:35:04,881 :: INFO :: Scraping : https://www.benefitnews.com/news/employers-plan-greater-investments-in-hr-tech-through-2022
2020-04-08 17:35:05,047 :: INFO :: Scraping : https://techcrunch.com/2019/09/25/india-darwinbox-raises-15m-to-bring-hr-tech-platform-to-more-asian-markets/
2020-04-08 17:35:05,076 :: INFO :: Scraping : https://yourstory.com/2020/01/funding-hrtech-fintech-startup-zimyo-yatra-angel-network
2020-04-08 17:35:06,018 :: INFO :: Scraping : https://hrmasia.com/navigating-the-workforce-evolution-together/
2020-04-08 17:35:06,518 :: INFO :: Scraping : https://yourstory.com/2020/01/funding-hrtech-fintech-startup-zimyo-yatra-angel-network
2020-04-08 17:35:07,040 :: INFO :: Scraping : https://hrmasia.com/navigating-the-workforce-evolution-together/
2020-04-08 17:35:08,054 :: INFO :: Scraping : https://www.hrtechnologist.com/articles/recruitment-onboarding/top-5-hr-tech-trends-to-look-out-in-2020/
2020-04-08 17:35:08,915 :: INFO :: Scraping : https://www.hrtechnologist.com/articles/recruitment-onboarding/top-5-hr-tech-trends-to-look-out-in-2020/
2020-04-08 17:35:10,346 :: INFO :: Scraping : https://www.inc.com/suzanne-lucas/the-problems-hr-tech-will-hopefully-solve-in-2020.html
2020-04-08 17:35:10,637 :: INFO :: Scraping : https://www.inc.com/suzanne-lucas/the-problems-hr-tech-will-hopefully-solve-in-2020.html
2020-04-08 17:35:11,772 :: INFO :: Scraping : https://www.techinasia.com/laboratiks-closes-2m
2020-04-08 17:35:11,934 :: INFO :: Scraping : https://hrexecutive.com/these-are-the-80-solutions-debuting-at-hr-tech/
2020-04-08 17:35:12,452 :: INFO :: Scraping : https://www.techinasia.com/laboratiks-closes-2m
2020-04-08 17:35:12,642 :: INFO :: Scraping : https://hrexecutive.com/these-are-the-80-solutions-debuting-at-hr-tech/
2020-04-08 17:35:13,926 :: INFO :: Scraping : https://www.forbes.com/sites/kimjay/2019/10/08/singapore-startup-this-hr-tech-firm-worth-100-million-is-ready-to-conquer-asia/
2020-04-08 17:35:14,549 :: INFO :: Scraping : https://www.forbes.com/sites/kimjay/2019/10/08/singapore-startup-this-hr-tech-firm-worth-100-million-is-ready-to-conquer-asia/
2020-04-08 17:35:15,344 :: INFO :: Scraping : https://www.thomsons.com/resources/webinars/video-innovation-generation-hris/
2020-04-08 17:35:16,161 :: INFO :: Scraping : https://www.thomsons.com/resources/webinars/video-innovation-generation-hris/
2020-04-08 17:35:17,053 :: INFO :: Scraping : https://inc42.com/buzz/hrtech-startup-talent-litmus-uses-video-games-for-job-screening-gets-funding/
2020-04-08 17:35:17,667 :: INFO :: Scraping : https://inc42.com/buzz/hrtech-startup-talent-litmus-uses-video-games-for-job-screening-gets-funding/
2020-04-08 17:35:18,378 :: INFO :: Scraping : https://www.hcmtechnologyreport.com/employers-will-spend-more-on-hr-tech-dont-align-on-what-works/
2020-04-08 17:35:19,196 :: INFO :: Scraping : https://hrmasia.com/more-than-160-hr-tech-providers-active-singapore/
2020-04-08 17:35:19,401 :: INFO :: Scraping : https://www.hcmtechnologyreport.com/employers-will-spend-more-on-hr-tech-dont-align-on-what-works/
2020-04-08 17:35:20,322 :: INFO :: Scraping : https://hrmasia.com/more-than-160-hr-tech-providers-active-singapore/
2020-04-08 17:35:21,152 :: INFO :: Scraping : https://www.aithority.com/hrtechnology/record-breaking-hrtech-valuations-and-deal-volumes-creating-lucrative-market-for-sellers-reveals-hampleton-partners/
2020-04-08 17:35:22,278 :: INFO :: Scraping : https://www.aithority.com/hrtechnology/record-breaking-hrtech-valuations-and-deal-volumes-creating-lucrative-market-for-sellers-reveals-hampleton-partners/
2020-04-08 17:35:24,438 :: INFO :: Scraping : https://hrmasia.com/steve-boese-what-trends-will-dominate-hr-tech-in-2020/
2020-04-08 17:35:24,543 :: INFO :: Scraping : https://hrmasia.com/steve-boese-what-trends-will-dominate-hr-tech-in-2020/
2020-04-08 17:35:26,488 :: INFO :: Scraping : https://hrexecutive.com/introducing-select-hr-tech-an-immersive-experience/
2020-04-08 17:35:26,488 :: INFO :: Scraping : https://hrexecutive.com/introducing-select-hr-tech-an-immersive-experience/
2020-04-08 17:35:28,742 :: INFO :: Scraping : https://www.hrtechnologist.com/news/digital-transformation/2019-singapore-hrtech-market-map-unveiled-a-record-160-specialised-local-and-overseas-hrtech-providers-servicing-the-singapore-talent-marketplace/
2020-04-08 17:35:28,743 :: INFO :: Scraping : https://www.hrtechnologist.com/news/digital-transformation/2019-singapore-hrtech-market-map-unveiled-a-record-160-specialised-local-and-overseas-hrtech-providers-servicing-the-singapore-talent-marketplace/
2020-04-08 17:35:30,098 :: INFO :: Scraping : https://hrexecutive.com/heres-how-to-make-sense-of-the-dramatic-shifts-in-hr-tech/
2020-04-08 17:35:30,191 :: INFO :: Scraping : https://hrexecutive.com/heres-how-to-make-sense-of-the-dramatic-shifts-in-hr-tech/
2020-04-08 17:35:32,128 :: INFO :: Scraping : https://e27.co/samsung-ventures-leads-us7m-hrtech-payroll-startup-swingvy-20190429/
2020-04-08 17:35:32,323 :: INFO :: Scraping : https://e27.co/samsung-ventures-leads-us7m-hrtech-payroll-startup-swingvy-20190429/
2020-04-08 17:35:33,122 :: INFO :: Scraping : https://yourstory.com/2019/10/saas-hr-tech-promising-better-appraisals
2020-04-08 17:35:34,180 :: INFO :: Scraping : https://yourstory.com/2020/02/the-turning-point-hr-tech-startup-skillate-recruitment
2020-04-08 17:35:35,064 :: INFO :: Scraping : https://yourstory.com/2019/10/saas-hr-tech-promising-better-appraisals
2020-04-08 17:35:35,102 :: INFO :: Scraping : https://www.contxto.com/en/brazil/revelo-raises-us15-million-series-b-to-grow-hrtech-hiring-platform/
2020-04-08 17:35:35,416 :: INFO :: Scraping : https://yourstory.com/2020/02/the-turning-point-hr-tech-startup-skillate-recruitment
2020-04-08 17:35:35,815 :: INFO :: Scraping : https://www.contxto.com/en/brazil/revelo-raises-us15-million-series-b-to-grow-hrtech-hiring-platform/
2020-04-08 17:35:36,729 :: INFO :: Scraping : https://hrexecutive.com/heres-what-to-expect-at-women-in-hr-tech/
2020-04-08 17:35:37,341 :: INFO :: Scraping : https://hrexecutive.com/heres-what-to-expect-at-women-in-hr-tech/
2020-04-08 17:35:38,674 :: INFO :: Scraping : https://hrexecutive.com/hr-tech-2019-five-takeaways-from-this-years-conference/
2020-04-08 17:35:39,289 :: INFO :: Scraping : https://hrexecutive.com/hr-tech-2019-five-takeaways-from-this-years-conference/
2020-04-08 17:35:40,495 :: INFO :: Scraping : https://www.hcmtechnologyreport.com/poor-service-spurs-growing-regrets-among-hr-tech-buyers/
2020-04-08 17:35:40,643 :: INFO :: Scraping : https://www.hcmtechnologyreport.com/poor-service-spurs-growing-regrets-among-hr-tech-buyers/
2020-04-08 17:35:41,416 :: INFO :: Scraping : https://hrexecutive.com/you-can-check-out-these-6-new-hr-technologies-at-hr-tech-this-year/
2020-04-08 17:35:41,416 :: INFO :: Scraping : https://hrexecutive.com/you-can-check-out-these-6-new-hr-technologies-at-hr-tech-this-year/
2020-04-08 17:35:42,547 :: INFO :: Scraping : https://www.workforce.com/news/venture-capital-funding-frenzy-over-hr-technology-on-record-pace
2020-04-08 17:35:42,645 :: INFO :: Scraping : https://www.workforce.com/news/venture-capital-funding-frenzy-over-hr-technology-on-record-pace
2020-04-08 17:35:43,160 :: INFO :: Scraping : https://yourstory.com/2019/12/hrtech-company-peoplestrong-acquires-qilo-saas-startup
2020-04-08 17:35:43,161 :: INFO :: Scraping : https://yourstory.com/2019/12/hrtech-company-peoplestrong-acquires-qilo-saas-startup
2020-04-08 17:35:44,216 :: INFO :: Scraping : https://www.peoplematters.in/article/hr-technology/hr-tech-is-transforming-hr-function-faster-than-what-was-expected-dr-rakshita-shharma-23972
2020-04-08 17:35:44,217 :: INFO :: Scraping : https://www.peoplematters.in/article/hr-technology/hr-tech-is-transforming-hr-function-faster-than-what-was-expected-dr-rakshita-shharma-23972
2020-04-08 17:35:45,120 :: INFO :: Scraping : https://www.itproportal.com/features/hr-tech-martech-fintech-but-what-about-opstech/
2020-04-08 17:35:45,121 :: INFO :: Scraping : https://www.itproportal.com/features/hr-tech-martech-fintech-but-what-about-opstech/
2020-04-08 17:35:47,281 :: INFO :: Scraping : https://hrexecutive.com/steve-boese-3-reasons-you-should-join-me-at-hr-tech/
2020-04-08 17:35:47,477 :: INFO :: Scraping : https://hrexecutive.com/steve-boese-3-reasons-you-should-join-me-at-hr-tech/
2020-04-08 17:35:48,475 :: INFO :: Scraping : https://www.smartcompany.com.au/startupsmart/news/joyous-hr-tech-new-zealand/
2020-04-08 17:35:48,688 :: INFO :: Scraping : https://www.smartcompany.com.au/startupsmart/news/joyous-hr-tech-new-zealand/
2020-04-08 17:35:49,622 :: INFO :: Scrapping for ... :HR Analytics
2020-04-08 17:35:50,641 :: INFO :: Scraping : https://www.forbes.com/sites/forbeshumanresourcescouncil/2020/04/03/11-benefits-of-workforce-analytics-for-hr-teams/
2020-04-08 17:35:51,042 :: INFO :: Scraping : https://www.tribuneledgernews.com/extra/news/careerbuilder-introduces-new-tagline-were-building-for-you-underscoring-its-commitment-to-employers-and-job/article_f2fed415-cc4a-50a9-8b48-7cd4763f5e11.html
2020-04-08 17:35:52,212 :: INFO :: Scraping : https://germanyenglishnews.com/german-news/2020/04/08/hr-analytics-market-size-share-price-trend-company-profiles-growth-rate-and-forecast-to-2025/
2020-04-08 17:35:52,880 :: INFO :: Scraping : https://sciencein.me/2020/04/07/hr-analytics-workforce-planning-software-market-size-analysis-top-manufacturers-shares-growth-opportunities-and-forecast-to-2026/
2020-04-08 17:35:52,915 :: INFO :: Scraping : https://www.humanresourcesonline.net/features/let-the-numbers-speak/
2020-04-08 17:35:53,883 :: INFO :: Scrapping for ... :HR Analytics
2020-04-08 17:35:55,857 :: INFO :: Scraping : https://www.forbes.com/sites/forbeshumanresourcescouncil/2020/04/03/11-benefits-of-workforce-analytics-for-hr-teams/
2020-04-08 17:35:57,145 :: INFO :: Scraping : https://www.humanresourcesonline.net/people-process-and-system-asms-three-pillars-to-a-successful-people-analytics-transformation-journey/
2020-04-08 17:35:57,424 :: INFO :: Scraping : https://germanyenglishnews.com/german-news/2020/04/08/hr-analytics-market-size-share-price-trend-company-profiles-growth-rate-and-forecast-to-2025/
2020-04-08 17:35:58,825 :: INFO :: Scraping : https://sciencein.me/2020/04/07/hr-analytics-workforce-planning-software-market-size-analysis-top-manufacturers-shares-growth-opportunities-and-forecast-to-2026/
2020-04-08 17:35:58,957 :: INFO :: Scraping : https://www.humanresourcesonline.net/features/let-the-numbers-speak/
2020-04-08 17:35:59,107 :: INFO :: Scraping : https://www.humanresourcesonline.net/people-process-and-system-asms-three-pillars-to-a-successful-people-analytics-transformation-journey/
2020-04-08 17:36:01,021 :: INFO :: Scraping : https://www.hrtechnologist.com/articles/hr-analytics/how-to-transform-hr-data-into-business-result/
2020-04-08 17:36:02,251 :: INFO :: Scraping : https://www.hrtechnologist.com/articles/hr-analytics/how-to-transform-hr-data-into-business-result/
2020-04-08 17:36:03,082 :: INFO :: Scraping : https://www.humanresourcesonline.net/top-10-hr-books-to-read-for-2020/
2020-04-08 17:36:03,479 :: INFO :: Scraping : https://www.whatech.com/market-research/it/645694-hr-analytics-market-scrutinized-in-the-new-analysis
2020-04-08 17:36:03,690 :: INFO :: Scraping : https://www.humanresourcesonline.net/top-10-hr-books-to-read-for-2020/
2020-04-08 17:36:04,003 :: INFO :: Scraping : https://www.whatech.com/market-research/it/645694-hr-analytics-market-scrutinized-in-the-new-analysis
2020-04-08 17:36:05,197 :: INFO :: Scraping : https://www.businesswire.com/news/home/20200311005580/en/Quantzig%E2%80%99s-Analytics-Experts-Unveil-Benefits-HR-Analytics
2020-04-08 17:36:06,215 :: INFO :: Scraping : https://www.businesswire.com/news/home/20200311005580/en/Quantzig%E2%80%99s-Analytics-Experts-Unveil-Benefits-HR-Analytics
2020-04-08 17:36:07,034 :: INFO :: Scraping : https://www.whatech.com/market-research/it/645413-hr-analytics-market-insights-potential-business-strategies-mergers-and-acquisitions-revenue-analysis
2020-04-08 17:36:07,650 :: INFO :: Scraping : https://www.whatech.com/market-research/it/645413-hr-analytics-market-insights-potential-business-strategies-mergers-and-acquisitions-revenue-analysis
2020-04-08 17:36:08,780 :: INFO :: Scraping : https://www.pharmiweb.com/press-release/2020-04-02/global-hr-analytics-market-is-expected-to-reach-million-usd-401346-by-the-end-of-2026-with-a-cagr
2020-04-08 17:36:10,412 :: INFO :: Scraping : https://www.gurufocus.com/news/1093658/global-hr-analytics-market-is-expected-to-reach-million-usd-401346-by-the-end-of-2026-with-a-cagr-of-145-during-20102027-proficient-market
2020-04-08 17:36:12,034 :: INFO :: Scraping : https://www.humanresourcesonline.net/qa-how-people-analytics-turns-data-into-meaningful-insights/
2020-04-08 17:36:13,694 :: INFO :: Scraping : https://www.humanresourcesonline.net/qa-how-people-analytics-turns-data-into-meaningful-insights/
2020-04-08 17:36:15,048 :: INFO :: Scraping : https://www.businesswire.com/news/home/20200309005190/en/Claro-Workforce-Analytics-Launches-Talent-Market-Supply
2020-04-08 17:36:15,634 :: INFO :: Scraping : https://www.economist.com/business/2020/03/24/the-coronavirus-crisis-thrusts-corporate-hr-chiefs-into-the-spotlight
2020-04-08 17:36:16,257 :: INFO :: Scraping : https://www.hrexchangenetwork.com/people-analytics/videos/coronavirus-and-the-future-of-work-with-hr-curator-dave-millner
2020-04-08 17:36:16,585 :: INFO :: Scraping : https://www.businesswire.com/news/home/20200309005190/en/Claro-Workforce-Analytics-Launches-Talent-Market-Supply
2020-04-08 17:36:17,176 :: INFO :: Scraping : https://www.economist.com/business/2020/03/24/the-coronavirus-crisis-thrusts-corporate-hr-chiefs-into-the-spotlight
2020-04-08 17:36:17,592 :: INFO :: Scraping : https://www.hrexchangenetwork.com/people-analytics/videos/coronavirus-and-the-future-of-work-with-hr-curator-dave-millner
2020-04-08 17:36:19,029 :: INFO :: Scraping : https://www.hrtechnologist.com/articles/hr-analytics/3-ways-to-understand-employee-absence-that-hr-leaders-should-know/
2020-04-08 17:36:20,155 :: INFO :: Scraping : https://www.hrtechnologist.com/articles/hr-analytics/3-ways-to-understand-employee-absence-that-hr-leaders-should-know/
2020-04-08 17:36:20,381 :: INFO :: Scraping : https://sciencein.me/2020/04/07/hr-analytics-tools-market-size-analysis-top-manufacturers-shares-growth-opportunities-and-forecast-to-2026/
2020-04-08 17:36:20,551 :: INFO :: Scraping : https://www.hrtechnologist.com/news/mobile-workforce/voice-analytics-aid-remote-employee-wellness-monitoring-surveys-nemesysco/
2020-04-08 17:36:21,711 :: INFO :: Scraping : https://sciencein.me/2020/04/07/hr-analytics-tools-market-size-analysis-top-manufacturers-shares-growth-opportunities-and-forecast-to-2026/
2020-04-08 17:36:21,801 :: INFO :: Scraping : https://www.hrtechnologist.com/news/mobile-workforce/voice-analytics-aid-remote-employee-wellness-monitoring-surveys-nemesysco/
2020-04-08 17:36:21,837 :: INFO :: Scraping : https://www.oracleglobe.com/how-hr-analytics-and-hr-data-benefit-a-business/
2020-04-08 17:36:22,441 :: INFO :: Scraping : https://www.humanresourcesonline.net/events/the-key-considerations-when-conceptualising-employee-benefits-strategy/
2020-04-08 17:36:23,248 :: INFO :: Scraping : https://www.oracleglobe.com/how-hr-analytics-and-hr-data-benefit-a-business/
2020-04-08 17:36:23,933 :: INFO :: Scraping : https://www.humanresourcesonline.net/events/the-key-considerations-when-conceptualising-employee-benefits-strategy/
2020-04-08 17:36:25,596 :: INFO :: Scraping : https://www.onrec.com/news/news-archive/5-hr-areas-to-keep-an-eye-in-2020
2020-04-08 17:36:26,828 :: INFO :: Scraping : https://www.onrec.com/news/news-archive/5-hr-areas-to-keep-an-eye-in-2020
2020-04-08 17:36:27,924 :: INFO :: Scraping : https://www.businesswire.com/news/home/20200402005575/en/Employee-Performance-Analytics-Helping-Corporate-Sector-Adapt
2020-04-08 17:36:30,185 :: INFO :: Scraping : http://hrnews.co.uk/the-role-hr-master-data-plays-in-connecting-your-company-during-uncertain-times/
2020-04-08 17:36:30,676 :: INFO :: Scraping : https://www.businesswire.com/news/home/20200402005575/en/Employee-Performance-Analytics-Helping-Corporate-Sector-Adapt
2020-04-08 17:36:31,200 :: INFO :: Scraping : http://hrnews.co.uk/the-role-hr-master-data-plays-in-connecting-your-company-during-uncertain-times/
2020-04-08 17:36:32,636 :: INFO :: Scraping : https://www.openpr.com/news/1998229/hr-analytics-tools-market-set-for-rapid-growth-during-2020-2025
2020-04-08 17:36:33,148 :: INFO :: Scraping : https://www.openpr.com/news/1998229/hr-analytics-tools-market-set-for-rapid-growth-during-2020-2025
2020-04-08 17:36:33,537 :: INFO :: Scraping : https://www.hrdive.com/news/5-ways-hiring-will-feel-more-not-less-human-in-2030/573153/
2020-04-08 17:36:34,042 :: INFO :: Scraping : https://www.hrdive.com/news/5-ways-hiring-will-feel-more-not-less-human-in-2030/573153/
2020-04-08 17:36:35,281 :: INFO :: Scraping : https://www.hrtechnologist.com/articles/learning-development/what-is-human-resource-development/
2020-04-08 17:36:35,285 :: INFO :: Scraping : https://www.hrtechnologist.com/articles/learning-development/what-is-human-resource-development/
2020-04-08 17:36:37,480 :: INFO :: Scraping : https://www.hrtechnologist.com/articles/hr-analytics/hr-in-the-cloud-age-10-ways-to-stay-grounded/
2020-04-08 17:36:37,481 :: INFO :: Scraping : https://www.hrtechnologist.com/articles/hr-analytics/hr-in-the-cloud-age-10-ways-to-stay-grounded/
2020-04-08 17:36:38,916 :: INFO :: Scraping : https://finance.yahoo.com/news/materials-manufacturer-selects-3clogic-integrate-080000696.html
2020-04-08 17:36:39,013 :: INFO :: Scraping : https://finance.yahoo.com/news/materials-manufacturer-selects-3clogic-integrate-080000696.html
2020-04-08 17:36:40,667 :: INFO :: Scraping : https://www.techfunnel.com/hr-tech/essential-interview-questions-to-ask-for-a-data-analytics-role/
2020-04-08 17:36:40,696 :: INFO :: Scraping : https://www.techfunnel.com/hr-tech/essential-interview-questions-to-ask-for-a-data-analytics-role/
2020-04-08 17:36:41,314 :: INFO :: Scraping : https://www.hrtechnologist.com/articles/hr-analytics/eight-hr-analytics-courses-2020/
2020-04-08 17:36:41,321 :: INFO :: Scraping : https://www.hrtechnologist.com/articles/hr-analytics/eight-hr-analytics-courses-2020/
2020-04-08 17:36:42,610 :: INFO :: Scraping : https://www.humanresourcesonline.net/why-all-hr-professionals-must-be-conversant-in-hr-analytics/
2020-04-08 17:36:42,811 :: INFO :: Scraping : https://www.humanresourcesonline.net/why-all-hr-professionals-must-be-conversant-in-hr-analytics/
2020-04-08 17:36:42,951 :: INFO :: Scraping : https://publicist360.com/2020/04/06/global-workforce-analytics-market-industry-analysis-and-forecast-2020-2027/
2020-04-08 17:36:44,631 :: INFO :: Scraping : https://hrexecutive.com/dissecting-the-employer-disconnect-in-hr-tech/
2020-04-08 17:36:46,572 :: INFO :: Scraping : https://www.hrtechnologist.com/news/digital-transformation/hr-technology-service-providers-aim-at-digital-transformation/
2020-04-08 17:36:46,701 :: INFO :: Scraping : https://publicist360.com/2020/04/06/global-workforce-analytics-market-industry-analysis-and-forecast-2020-2027/
2020-04-08 17:36:47,919 :: INFO :: Scraping : https://www.peoplematters.in/article/c-suite/major-hr-movements-from-january-2020-to-march-2020-25241
2020-04-08 17:36:48,525 :: INFO :: Scraping : https://hrexecutive.com/dissecting-the-employer-disconnect-in-hr-tech/
2020-04-08 17:36:48,922 :: INFO :: Scraping : https://publicist360.com/2020/04/03/people-and-hr-analytics-software-market-size-share-and-precise-outlook-during-2020-to-2025-oracle-sage-clicdata-sisense/
2020-04-08 17:36:50,663 :: INFO :: Scraping : https://www.bccourier.com/hr-analytics-software-market-by-latest-trends-business-opportunities-segmentation-and-2026-top-companies/
2020-04-08 17:36:50,668 :: INFO :: Scraping : https://www.hrtechnologist.com/news/digital-transformation/hr-technology-service-providers-aim-at-digital-transformation/
2020-04-08 17:36:52,025 :: INFO :: Scraping : https://www.peoplematters.in/article/c-suite/major-hr-movements-from-january-2020-to-march-2020-25241
2020-04-08 17:36:52,194 :: INFO :: Scraping : https://www.peoplematters.in/article/employee-relations/building-people-first-companies-25225
2020-04-08 17:36:52,908 :: INFO :: Scraping : https://publicist360.com/2020/04/03/people-and-hr-analytics-software-market-size-share-and-precise-outlook-during-2020-to-2025-oracle-sage-clicdata-sisense/
2020-04-08 17:36:53,452 :: INFO :: Scraping : https://www.hrgrapevine.com/content/article/2020-04-07-what-employees-need-now
2020-04-08 17:36:54,861 :: INFO :: Scraping : https://www.bccourier.com/hr-analytics-software-market-by-latest-trends-business-opportunities-segmentation-and-2026-top-companies/
2020-04-08 17:36:56,188 :: INFO :: Scraping : https://www.peoplematters.in/article/employee-relations/building-people-first-companies-25225
2020-04-08 17:36:57,218 :: INFO :: Scraping : https://www.hrgrapevine.com/content/article/2020-04-07-what-employees-need-now
2020-04-08 17:36:57,904 :: INFO :: Scraping : https://www.socialeurope.eu/capitalisms-mirror-stage-artificial-intelligence-and-the-quantified-worker
2020-04-08 17:36:59,445 :: INFO :: Scraping : https://www.hrtechnologist.com/articles/hr-analytics/what-is-people-analytics/
2020-04-08 17:37:01,237 :: INFO :: Scraping : https://www.influencive.com/the-usage-of-big-data-in-people-analytics-and-talent-acquisition-analytics/
2020-04-08 17:37:01,296 :: INFO :: Scraping : https://www.socialeurope.eu/capitalisms-mirror-stage-artificial-intelligence-and-the-quantified-worker
2020-04-08 17:37:02,928 :: INFO :: Scraping : https://www.hrtechnologist.com/articles/hr-analytics/what-is-people-analytics/
2020-04-08 17:37:04,311 :: INFO :: Scraping : https://www.influencive.com/the-usage-of-big-data-in-people-analytics-and-talent-acquisition-analytics/
2020-04-08 17:37:05,151 :: INFO :: Scraping : https://www.hrdive.com/news/make-employee-mental-health-a-priority-coronavirus-covid-19-pandemic/575594/
2020-04-08 17:37:07,023 :: INFO :: Scraping : https://sciencein.me/2020/04/08/hr-tech-startups-market-capacity-production-k-units-revenue-million-usd-price-usd-unit-and-gross-margin-2020-2026/
2020-04-08 17:37:07,237 :: INFO :: Scraping : https://www.curiousdesk.com/workforce-analytics-market-key-opportunities-and-future-demand-by-kronos-infor-verint-nice-systems-workforce-software-clicksoftware/
2020-04-08 17:37:07,929 :: INFO :: Scraping : https://www.hrdive.com/news/make-employee-mental-health-a-priority-coronavirus-covid-19-pandemic/575594/
2020-04-08 17:37:07,937 :: INFO :: Scraping : https://jobs.personneltoday.com/job/1401614019/hr-reporting-and-analytics-specialist/
2020-04-08 17:37:09,087 :: INFO :: Scraping : https://sciencein.me/2020/04/08/hr-tech-startups-market-capacity-production-k-units-revenue-million-usd-price-usd-unit-and-gross-margin-2020-2026/
2020-04-08 17:37:09,116 :: INFO :: Scraping : https://www.curiousdesk.com/workforce-analytics-market-key-opportunities-and-future-demand-by-kronos-infor-verint-nice-systems-workforce-software-clicksoftware/
2020-04-08 17:37:09,297 :: INFO :: Scraping : https://www.aiia.net/culture-talent/articles/aiia-march-roundup-on-your-customer-1
2020-04-08 17:37:09,788 :: INFO :: Scraping : https://jobs.personneltoday.com/job/1401614019/hr-reporting-and-analytics-specialist/
2020-04-08 17:37:11,037 :: INFO :: Scraping : https://www.aiia.net/culture-talent/articles/aiia-march-roundup-on-your-customer-1
2020-04-08 17:37:12,220 :: INFO :: Scraping : https://www.hrtechnologist.com/articles/recruitment-onboarding/10-trends-that-will-shape-recruitment-in-2020/
2020-04-08 17:37:13,835 :: INFO :: Scraping : https://www.hrtechnologist.com/articles/recruitment-onboarding/10-trends-that-will-shape-recruitment-in-2020/
2020-04-08 17:37:14,249 :: INFO :: Scraping : https://www.techfunnel.com/hr-tech/hr-analytics-guide/
2020-04-08 17:37:14,907 :: INFO :: Scraping : https://www.globenewswire.com/news-release/2020/02/04/1979262/0/en/HR-Analytics-Market-to-grow-at-11-to-hit-3-6-billion-by-2025-Global-Insights-on-Size-Share-Growth-Drivers-Key-Trends-Competitive-Landscape-and-Business-Opportunities-Adroit-Market-.html
2020-04-08 17:37:15,776 :: INFO :: Scraping : https://www.techfunnel.com/hr-tech/hr-analytics-guide/
2020-04-08 17:37:15,949 :: INFO :: Scraping : https://www.hrtechnologist.com/interviews/employee-engagement/rhiannon-staples-hibob-employee-engagement-retention/
2020-04-08 17:37:16,444 :: INFO :: Scraping : https://www.globenewswire.com/news-release/2020/02/04/1979262/0/en/HR-Analytics-Market-to-grow-at-11-to-hit-3-6-billion-by-2025-Global-Insights-on-Size-Share-Growth-Drivers-Key-Trends-Competitive-Landscape-and-Business-Opportunities-Adroit-Market-.html
2020-04-08 17:37:17,325 :: INFO :: Scraping : https://www.analyticsinsight.net/10-innovative-hr-analytics-solutions-providers-2019/
2020-04-08 17:37:18,204 :: INFO :: Scraping : https://www.hrtechnologist.com/interviews/employee-engagement/rhiannon-staples-hibob-employee-engagement-retention/
2020-04-08 17:37:19,598 :: INFO :: Scraping : https://www.analyticsinsight.net/10-innovative-hr-analytics-solutions-providers-2019/
2020-04-08 17:37:20,722 :: INFO :: Scraping : https://www.forbes.com/sites/douglaslaney/2020/04/06/unprecedented-with-data-analytics-and-scenario-planning-theres-no-such-thing/
2020-04-08 17:37:21,851 :: INFO :: Scraping : https://sciencein.me/2020/04/07/global-human-resource-analytics-software-market-2020-competition-by-top-manufacturers-with-production-price-revenue-value-and-each-manufacturer-including-hr-bakeryoptimityibmpeoplestremeprofe/
2020-04-08 17:37:21,893 :: INFO :: Scraping : https://mytechdecisions.com/facility/nemesysco-employee-wellness-monitoring-voice-analytics/
2020-04-08 17:37:22,281 :: INFO :: Scraping : https://www.hrtechnologist.com/articles/hr-analytics/why-hr-analytics-is-the-key-to-continuous-improvement/
2020-04-08 17:37:23,344 :: INFO :: Scraping : https://www.forbes.com/sites/douglaslaney/2020/04/06/unprecedented-with-data-analytics-and-scenario-planning-theres-no-such-thing/
2020-04-08 17:37:23,668 :: INFO :: Scraping : https://www.forbes.com/sites/bernardmarr/2020/02/14/future-of-people-analytics-what-lies-ahead-for-data-driven-hr/
2020-04-08 17:37:24,477 :: INFO :: Scraping : https://sciencein.me/2020/04/07/global-human-resource-analytics-software-market-2020-competition-by-top-manufacturers-with-production-price-revenue-value-and-each-manufacturer-including-hr-bakeryoptimityibmpeoplestremeprofe/
2020-04-08 17:37:24,566 :: INFO :: Scraping : https://mytechdecisions.com/facility/nemesysco-employee-wellness-monitoring-voice-analytics/
2020-04-08 17:37:24,656 :: INFO :: Scraping : https://www.hrtechnologist.com/articles/hr-analytics/why-hr-analytics-is-the-key-to-continuous-improvement/
2020-04-08 17:37:25,182 :: INFO :: Scraping : https://www.openpr.com/news/1988496/workforce-analytics-market-22020-growth-analysis-trends
2020-04-08 17:37:26,028 :: INFO :: Scraping : https://www.forbes.com/sites/bernardmarr/2020/02/14/future-of-people-analytics-what-lies-ahead-for-data-driven-hr/
2020-04-08 17:37:26,071 :: INFO :: Scraping : https://www.hrtechnologist.com/articles/digital-transformation/hr-professionals-of-the-future-will-be-data-scientists-first/
2020-04-08 17:37:27,357 :: INFO :: Scraping : https://www.cfo.com/people/2020/03/cfos-should-not-leave-workforce-analytics-solely-to-hr/
2020-04-08 17:37:27,451 :: INFO :: Scraping : https://www.openpr.com/news/1988496/workforce-analytics-market-22020-growth-analysis-trends
2020-04-08 17:37:29,102 :: INFO :: Scraping : https://www.hrtechnologist.com/articles/hr-analytics/what-is-hr-analytics/
2020-04-08 17:37:29,141 :: INFO :: Scraping : https://www.hrtechnologist.com/articles/digital-transformation/hr-professionals-of-the-future-will-be-data-scientists-first/
2020-04-08 17:37:30,531 :: INFO :: Scraping : https://www.hrtechnologist.com/articles/hr-analytics/how-to-ethically-secure-people-analytics/
2020-04-08 17:37:31,037 :: INFO :: Scraping : https://www.cfo.com/people/2020/03/cfos-should-not-leave-workforce-analytics-solely-to-hr/
2020-04-08 17:37:31,952 :: INFO :: Scraping : https://www.businessdailyafrica.com/lifestyle/society/HR-Analytics-for-decision-making/3405664-5470058-b0liki/index.html
2020-04-08 17:37:32,225 :: INFO :: Scraping : https://www.hrtechnologist.com/articles/ai-in-hr/how-ai-is-improving-the-employee-manager-relationship/
2020-04-08 17:37:32,643 :: INFO :: Scraping : https://www.hrtechnologist.com/articles/hr-analytics/what-is-hr-analytics/
2020-04-08 17:37:33,590 :: INFO :: Scraping : https://www.prnewswire.com/news-releases/global-hr-analytics-market-forecast-to-2025---massive-volumes-of-hr-data-generated-from-job-portals-increase-demand--create-opportunities-300984310.html
2020-04-08 17:37:33,957 :: INFO :: Scraping : https://www.hrtechnologist.com/articles/hr-analytics/how-to-get-the-most-from-yourhrdata-analytics/
2020-04-08 17:37:34,021 :: INFO :: Scraping : https://www.hrtechnologist.com/articles/hr-analytics/how-to-ethically-secure-people-analytics/
2020-04-08 17:37:35,261 :: INFO :: Scraping : https://www.businessdailyafrica.com/lifestyle/society/HR-Analytics-for-decision-making/3405664-5470058-b0liki/index.html
2020-04-08 17:37:35,339 :: INFO :: Scraping : https://hbr.org/2019/04/is-hr-the-most-analytics-driven-function
2020-04-08 17:37:35,400 :: INFO :: Scraping : https://www.prnewswire.com/news-releases/global-hr-analytics-market-forecast-to-2025---massive-volumes-of-hr-data-generated-from-job-portals-increase-demand--create-opportunities-300984310.html
2020-04-08 17:37:35,687 :: INFO :: Scraping : https://www.hrtechnologist.com/articles/hr-analytics/how-to-get-the-most-from-yourhrdata-analytics/
2020-04-08 17:37:37,055 :: INFO :: Scraping : https://www.hrtechnologist.com/interviews/hr-compliance/business-continuity-planning-coronavirus-pandemic/
2020-04-08 17:37:37,177 :: INFO :: Scraping : https://www.hrtechnologist.com/interviews/hr-compliance/business-continuity-planning-coronavirus-pandemic/
2020-04-08 17:37:39,051 :: INFO :: Scraping : https://www.newswiretoday.com/news/172657/SAS-Recognizes-Global-Partner-Innovation-and-Collaboration/
2020-04-08 17:37:39,336 :: INFO :: Scraping : https://hbr.org/2019/04/is-hr-the-most-analytics-driven-function
2020-04-08 17:37:39,725 :: INFO :: Scraping : https://www.newswiretoday.com/news/172657/SAS-Recognizes-Global-Partner-Innovation-and-Collaboration/
2020-04-08 17:37:41,862 :: INFO :: Scraping : https://hrexecutive.com/coronavirus-related-paid-employer-leave-could-top-23-billion/
2020-04-08 17:37:41,875 :: INFO :: Scraping : https://hrexecutive.com/coronavirus-related-paid-employer-leave-could-top-23-billion/
2020-04-08 17:37:43,810 :: INFO :: Scraping : https://www.analyticsinsight.net/big-data-effective-response-coronavirus-outbreak/
2020-04-08 17:37:43,811 :: INFO :: Scraping : https://www.analyticsinsight.net/big-data-effective-response-coronavirus-outbreak/
2020-04-08 17:37:46,916 :: INFO :: Scraping : https://www.forbes.com/sites/bernardmarr/2020/02/12/what-are-the-pitfalls-of-people-analytics-and-data-driven-hr/
2020-04-08 17:37:47,397 :: INFO :: Scraping : https://www.forbes.com/sites/bernardmarr/2020/02/12/what-are-the-pitfalls-of-people-analytics-and-data-driven-hr/
2020-04-08 17:37:48,568 :: INFO :: Scraping : https://hrexecutive.com/hr-tech-2019-how-to-get-started-on-hr-analytics/
2020-04-08 17:37:49,135 :: INFO :: Scraping : https://hrexecutive.com/hr-tech-2019-how-to-get-started-on-hr-analytics/
2020-04-08 17:37:50,465 :: INFO :: Scraping : https://www.businesswire.com/news/home/20200204005635/en/Global-HR-Analytics-Market-Industry-Analysis-Growth
2020-04-08 17:37:50,980 :: INFO :: Scraping : https://www.businesswire.com/news/home/20200204005635/en/Global-HR-Analytics-Market-Industry-Analysis-Growth
2020-04-08 17:37:51,872 :: INFO :: Scraping : https://www.hcamag.com/asia/specialisation/hr-technology/how-can-hr-thrive-in-the-era-of-big-data/179304
2020-04-08 17:37:52,452 :: INFO :: Scraping : https://www.hcamag.com/asia/specialisation/hr-technology/how-can-hr-thrive-in-the-era-of-big-data/179304
2020-04-08 17:37:53,328 :: INFO :: Scraping : https://www.business2community.com/human-resources/how-people-analytics-informs-hr-strategy-02257560
2020-04-08 17:37:53,841 :: INFO :: Scraping : https://itmunch.com/the-importance-of-human-resources-analytics/
2020-04-08 17:37:54,435 :: INFO :: Scraping : https://itmunch.com/the-importance-of-human-resources-analytics/
2020-04-08 17:38:00,127 :: INFO :: Scraping : https://www.business2community.com/human-resources/how-people-analytics-informs-hr-strategy-02257560
2020-04-08 17:38:01,287 :: INFO :: Scraping : https://www.hrtechnologist.com/articles/hr-analytics/making-sense-of-hr-tech-in-2021/
2020-04-08 17:38:01,659 :: INFO :: Scraping : https://www.hrtechnologist.com/articles/hr-analytics/making-sense-of-hr-tech-in-2021/
2020-04-08 17:38:02,989 :: INFO :: Scraping : https://www.techfunnel.com/hr-tech/4-hr-analytics-frameworks-to-use-in-your-organization/
2020-04-08 17:38:03,500 :: INFO :: Scraping : https://www.techfunnel.com/hr-tech/4-hr-analytics-frameworks-to-use-in-your-organization/
2020-04-08 17:38:03,653 :: INFO :: Scraping : https://www.hrtechnologist.com/articles/hr-analytics/how-to-use-data-to-make-better-workplace-decisions/
2020-04-08 17:38:04,154 :: INFO :: Scraping : https://www.hrtechnologist.com/articles/hr-analytics/how-to-use-data-to-make-better-workplace-decisions/
2020-04-08 17:38:05,227 :: INFO :: Scraping : https://www.analyticsinsight.net/implementing-hr-analytics-strategies-to-frame-your-business-success/
2020-04-08 17:38:05,649 :: INFO :: Scraping : https://www.analyticsinsight.net/implementing-hr-analytics-strategies-to-frame-your-business-success/
2020-04-08 17:38:09,524 :: INFO :: Scraping : https://www.business2community.com/human-resources/the-business-case-for-hr-software-and-people-analytics-02287575
2020-04-08 17:38:09,670 :: INFO :: Scraping : https://finance.yahoo.com/news/hr-analytics-market-133355086.html
2020-04-08 17:38:10,613 :: INFO :: Scraping : https://finance.yahoo.com/news/hr-analytics-market-133355086.html
2020-04-08 17:38:11,687 :: INFO :: Scraping : https://www.business2community.com/human-resources/the-business-case-for-hr-software-and-people-analytics-02287575
2020-04-08 17:38:12,764 :: INFO :: Scraping : https://www.personneltoday.com/hr/why-do-most-hr-analytics-projects-fail/
2020-04-08 17:38:12,907 :: INFO :: Scraping : https://www.personneltoday.com/hr/why-do-most-hr-analytics-projects-fail/
2020-04-08 17:38:15,162 :: INFO :: Scraping : https://diginomica.com/power-people-irony-around-hr-analytics-according-bersin-deloittes-david-mallon
2020-04-08 17:38:15,982 :: INFO :: Scraping : https://diginomica.com/power-people-irony-around-hr-analytics-according-bersin-deloittes-david-mallon
2020-04-08 17:38:16,279 :: INFO :: Scraping : https://www.gallup.com/workplace/259958/optimize-people-analytics.aspx
2020-04-08 17:38:16,281 :: INFO :: Scraping : https://www.gallup.com/workplace/259958/optimize-people-analytics.aspx
2020-04-08 17:38:17,000 :: INFO :: Scraping : https://www.hrexchangenetwork.com/people-analytics/articles/assessing-your-hr-analytics-capability
2020-04-08 17:38:17,004 :: INFO :: Scraping : https://www.hrexchangenetwork.com/people-analytics/articles/assessing-your-hr-analytics-capability
2020-04-08 17:38:19,700 :: INFO :: Scraping : http://www.itnewsonline.com/pr.com/Applied-Health-Analytics-Named-Shortlister-Q2-2020-Top-Vendor-for-Health-Risk-Assessment-and-Wellness/19761
2020-04-08 17:38:19,876 :: INFO :: Scraping : http://www.itnewsonline.com/pr.com/Applied-Health-Analytics-Named-Shortlister-Q2-2020-Top-Vendor-for-Health-Risk-Assessment-and-Wellness/19761
2020-04-08 17:38:20,457 :: INFO :: Scraping : https://www.hrexchangenetwork.com/people-analytics/articles/top-10-hr-data-articles-of-2019
2020-04-08 17:38:20,560 :: INFO :: Scraping : https://www.hrexchangenetwork.com/people-analytics/articles/top-10-hr-data-articles-of-2019
2020-04-08 17:38:23,361 :: INFO :: Scraping : https://diginomica.com/seven-years-later-update-hr-analytics-pioneer-visier
2020-04-08 17:38:23,592 :: INFO :: Scraping : https://diginomica.com/seven-years-later-update-hr-analytics-pioneer-visier
2020-04-08 17:38:24,700 :: INFO :: Scraping : https://www.hrexchangenetwork.com/people-analytics/articles/people-analytics-success-stories
2020-04-08 17:38:24,700 :: INFO :: Scraping : https://www.hrexchangenetwork.com/people-analytics/articles/people-analytics-success-stories
2020-04-08 17:38:27,251 :: INFO :: Scraping : https://www.inc.com/cameron-albert-deitch/linkedin-global-talent-trends-2020-people-analytics.html
2020-04-08 17:38:27,452 :: INFO :: Scraping : https://www.inc.com/cameron-albert-deitch/linkedin-global-talent-trends-2020-people-analytics.html
2020-04-08 17:38:28,756 :: INFO :: Scraping : https://hrexecutive.com/looking-to-advance-your-hr-tech-analytics-know-how-heres-how/
2020-04-08 17:38:29,259 :: INFO :: Scraping : https://hrexecutive.com/looking-to-advance-your-hr-tech-analytics-know-how-heres-how/
2020-04-08 17:38:30,833 :: INFO :: Scraping : https://www.gallup.com/workplace/292334/covid-strategies-policies-world-largest-companies.aspx
2020-04-08 17:38:31,314 :: INFO :: Scraping : https://www.gallup.com/workplace/292334/covid-strategies-policies-world-largest-companies.aspx
2020-04-08 17:38:31,647 :: INFO :: Scraping : https://www.hrtechnologist.com/articles/hr-analytics/data-analytics-and-reporting-drive-insightful-decisions/
2020-04-08 17:38:31,946 :: INFO :: Scraping : https://www.hrtechnologist.com/articles/hr-analytics/data-analytics-and-reporting-drive-insightful-decisions/
2020-04-08 17:38:33,021 :: INFO :: Scraping : https://www.globenewswire.com/news-release/2019/06/19/1871384/0/en/HR-Analytics-Workforce-Management-Recruitment-and-Employee-Development-Market-Global-Forecast-to-2024.html
2020-04-08 17:38:33,296 :: INFO :: Scraping : https://www.globenewswire.com/news-release/2019/06/19/1871384/0/en/HR-Analytics-Workforce-Management-Recruitment-and-Employee-Development-Market-Global-Forecast-to-2024.html
2020-04-08 17:38:33,781 :: INFO :: Scraping : https://www.hcamag.com/ca/specialization/hr-technology/how-to-jumpstart-a-career-in-people-analytics/212645
2020-04-08 17:38:34,174 :: INFO :: Scraping : https://www.hcamag.com/ca/specialization/hr-technology/how-to-jumpstart-a-career-in-people-analytics/212645
2020-04-08 17:38:35,426 :: INFO :: Scraping : https://www.businesswire.com/news/home/20191105005755/en/Analytics-Insight-Magazine-Announces-%E2%80%98The-10-Innovative
2020-04-08 17:38:35,753 :: INFO :: Scraping : https://www.businesswire.com/news/home/20191105005755/en/Analytics-Insight-Magazine-Announces-%E2%80%98The-10-Innovative
2020-04-08 17:38:35,925 :: INFO :: Scraping : https://learn.g2.com/what-is-customer-experience-management
2020-04-08 17:38:36,231 :: INFO :: Scraping : https://learn.g2.com/what-is-customer-experience-management
2020-04-08 17:38:36,384 :: INFO :: Scraping : https://www.businesswire.com/news/home/20191114005549/en/Quantzig-Offers-Advanced-HR-Analytics-Solutions-Businesses
2020-04-08 17:38:36,865 :: INFO :: Scraping : https://www.businesswire.com/news/home/20191114005549/en/Quantzig-Offers-Advanced-HR-Analytics-Solutions-Businesses
2020-04-08 17:38:37,893 :: INFO :: ######################################
2020-04-08 17:38:37,893 :: INFO ::   Done saving   Apr-08-2020 17:38:37
2020-04-08 17:38:37,893 :: INFO :: ######################################



2020-04-08 17:38:38,181 :: INFO :: Scraping : https://www.analyticsinsight.net/people-analytics-automation-drives-greater-efficiency-for-hr-functions/
2020-04-08 17:38:41,415 :: INFO :: ######################################
2020-04-08 17:38:41,415 :: INFO ::   Done saving   Apr-08-2020 17:38:41
2020-04-08 17:38:41,415 :: INFO :: ######################################



