2020-04-07 19:56:51,506 :: INFO :: *******************************************************************
2020-04-07 19:56:51,506 :: INFO :: Creating Google RSS News dataset by Product  at Apr-07-2020 19:56:51
2020-04-07 19:56:51,506 :: INFO :: *******************************************************************

2020-04-07 19:56:51,647 :: INFO :: Reading input\Google_search_Product.txt
2020-04-07 19:56:53,034 :: INFO :: diagram\WordCloud_DCHR_Bigram_Compass Cloud.jpg
2020-04-07 19:56:53,583 :: INFO :: diagram\WordCloud_DCHR_Trigram_Compass Cloud.jpg
2020-04-07 19:57:13,047 :: INFO :: diagram\WordCloud_DCHR_Bigram_Kaltura MediaSpace.jpg
2020-04-07 19:57:13,500 :: INFO :: diagram\WordCloud_DCHR_Trigram_Kaltura MediaSpace.jpg
2020-04-07 19:57:24,064 :: INFO :: Unable to read at row 3 of input\Google_search_Product.txt Error "None of [Index(['item', 'link', 'description', 'body', 'pubdate'], dtype='object')] are in the [columns]" at Apr-07-2020 19:57:24
2020-04-07 19:57:25,232 :: INFO :: diagram\WordCloud_DCHR_Bigram_Panopto.jpg
2020-04-07 19:57:25,776 :: INFO :: diagram\WordCloud_DCHR_Trigram_Panopto.jpg
2020-04-07 19:57:45,209 :: INFO :: Unable to read at row 5 of input\Google_search_Product.txt Error "None of [Index(['item', 'link', 'description', 'body', 'pubdate'], dtype='object')] are in the [columns]" at Apr-07-2020 19:57:45
2020-04-07 19:57:45,775 :: INFO :: diagram\WordCloud_DCHR_Bigram_SelfDrvn.jpg
2020-04-07 19:57:46,239 :: INFO :: diagram\WordCloud_DCHR_Trigram_SelfDrvn.jpg
2020-04-07 19:57:56,107 :: INFO :: diagram\WordCloud_DCHR_Bigram_Panalyt.jpg
2020-04-07 19:57:56,540 :: INFO :: diagram\WordCloud_DCHR_Trigram_Panalyt.jpg
2020-04-07 19:58:04,569 :: INFO :: diagram\WordCloud_DCHR_Bigram_Comaea CMS.jpg
2020-04-07 19:58:04,975 :: INFO :: diagram\WordCloud_DCHR_Trigram_Comaea CMS.jpg
2020-04-07 19:58:13,836 :: INFO :: diagram\WordCloud_DCHR_Bigram_Competency Management System.jpg
2020-04-07 19:58:14,682 :: INFO :: diagram\WordCloud_DCHR_Trigram_Competency Management System.jpg
2020-04-07 19:58:39,677 :: INFO :: diagram\WordCloud_DCHR_Bigram_EngageRocket.jpg
2020-04-07 19:58:40,393 :: INFO :: diagram\WordCloud_DCHR_Trigram_EngageRocket.jpg
2020-04-07 19:59:06,827 :: INFO :: diagram\WordCloud_DCHR_Bigram_impress.ai.jpg
2020-04-07 19:59:07,472 :: INFO :: diagram\WordCloud_DCHR_Trigram_impress.ai.jpg
2020-04-07 19:59:30,223 :: INFO :: diagram\WordCloud_DCHR_Bigram_Synergita.jpg
2020-04-07 19:59:30,834 :: INFO :: diagram\WordCloud_DCHR_Trigram_Synergita.jpg
2020-04-07 19:59:42,959 :: INFO :: diagram\WordCloud_DCHR_Bigram_AGHRM.jpg
2020-04-07 19:59:43,428 :: INFO :: diagram\WordCloud_DCHR_Trigram_AGHRM.jpg
2020-04-07 19:59:51,417 :: INFO :: diagram\WordCloud_DCHR_Bigram_Mednefits Care.jpg
2020-04-07 19:59:51,878 :: INFO :: diagram\WordCloud_DCHR_Trigram_Mednefits Care.jpg
2020-04-07 20:00:00,698 :: INFO :: diagram\WordCloud_DCHR_Bigram_Predictive Insights.jpg
2020-04-07 20:00:01,385 :: INFO :: diagram\WordCloud_DCHR_Trigram_Predictive Insights.jpg
2020-04-07 20:00:23,276 :: INFO :: diagram\WordCloud_DCHR_Bigram_Xoxoday for Employees.jpg
2020-04-07 20:00:24,165 :: INFO :: diagram\WordCloud_DCHR_Trigram_Xoxoday for Employees.jpg
2020-04-07 20:00:42,791 :: INFO :: diagram\WordCloud_DCHR_Bigram_activ8.jpg
2020-04-07 20:00:43,364 :: INFO :: diagram\WordCloud_DCHR_Trigram_activ8.jpg
2020-04-07 20:01:01,983 :: INFO :: diagram\WordCloud_DCHR_Bigram_Roubler.jpg
2020-04-07 20:01:02,351 :: INFO :: diagram\WordCloud_DCHR_Trigram_Roubler.jpg
2020-04-07 20:01:12,073 :: INFO :: diagram\WordCloud_DCHR_Bigram_Enboarder.jpg
2020-04-07 20:01:12,735 :: INFO :: diagram\WordCloud_DCHR_Trigram_Enboarder.jpg
2020-04-07 20:01:29,957 :: INFO :: diagram\WordCloud_DCHR_Bigram_Talenox.jpg
2020-04-07 20:01:30,434 :: INFO :: diagram\WordCloud_DCHR_Trigram_Talenox.jpg
2020-04-07 20:01:41,648 :: INFO :: diagram\WordCloud_DCHR_Bigram_Best Valued Payroll.jpg
2020-04-07 20:01:42,619 :: INFO :: diagram\WordCloud_DCHR_Trigram_Best Valued Payroll.jpg
2020-04-07 20:02:16,489 :: INFO :: diagram\WordCloud_DCHR_Bigram_WorkReady Professional.jpg
2020-04-07 20:02:17,217 :: INFO :: diagram\WordCloud_DCHR_Trigram_WorkReady Professional.jpg
2020-04-07 20:02:37,846 :: INFO :: diagram\WordCloud_DCHR_Bigram_X0PA AI Recruiter.jpg
2020-04-07 20:02:38,249 :: INFO :: diagram\WordCloud_DCHR_Trigram_X0PA AI Recruiter.jpg
2020-04-07 20:02:47,560 :: INFO :: Unable to read at row 24 of input\Google_search_Product.txt Error "None of [Index(['item', 'link', 'description', 'body', 'pubdate'], dtype='object')] are in the [columns]" at Apr-07-2020 20:02:47
2020-04-07 20:02:48,763 :: INFO :: diagram\WordCloud_DCHR_Bigram_MyJoining.jpg
2020-04-07 20:02:49,458 :: INFO :: diagram\WordCloud_DCHR_Trigram_MyJoining.jpg
2020-04-07 20:03:10,122 :: INFO :: diagram\WordCloud_DCHR_Bigram_Full Automated Payroll Solution.jpg
2020-04-07 20:03:10,921 :: INFO :: diagram\WordCloud_DCHR_Trigram_Full Automated Payroll Solution.jpg
2020-04-07 20:03:36,151 :: INFO :: diagram\WordCloud_DCHR_Bigram_Su-Ette.jpg
2020-04-07 20:03:37,035 :: INFO :: diagram\WordCloud_DCHR_Trigram_Su-Ette.jpg
2020-04-07 20:03:48,526 :: INFO :: diagram\WordCloud_DCHR_Bigram_C-Factor.jpg
2020-04-07 20:03:49,413 :: INFO :: diagram\WordCloud_DCHR_Trigram_C-Factor.jpg
2020-04-07 20:04:25,606 :: INFO :: diagram\WordCloud_DCHR_Bigram_Organizational Charting Tool.jpg
2020-04-07 20:04:26,436 :: INFO :: diagram\WordCloud_DCHR_Trigram_Organizational Charting Tool.jpg
2020-04-07 20:04:54,425 :: INFO :: diagram\WordCloud_DCHR_Bigram_Organimi.jpg
2020-04-07 20:04:54,849 :: INFO :: diagram\WordCloud_DCHR_Trigram_Organimi.jpg
2020-04-07 20:05:05,316 :: INFO :: diagram\WordCloud_DCHR_Bigram_People First.jpg
2020-04-07 20:05:06,025 :: INFO :: diagram\WordCloud_DCHR_Trigram_People First.jpg
2020-04-07 20:05:32,216 :: INFO :: diagram\WordCloud_DCHR_Bigram_ALT Product Suite.jpg
2020-04-07 20:05:32,970 :: INFO :: diagram\WordCloud_DCHR_Trigram_ALT Product Suite.jpg
2020-04-07 20:05:54,101 :: INFO :: diagram\WordCloud_DCHR_Bigram_Pingboard.jpg
2020-04-07 20:05:54,741 :: INFO :: diagram\WordCloud_DCHR_Trigram_Pingboard.jpg
2020-04-07 20:06:09,547 :: INFO :: diagram\WordCloud_DCHR_Bigram_SCREENGLOBAL FOR ANY BACKGROUND CHECK.jpg
2020-04-07 20:06:10,033 :: INFO :: diagram\WordCloud_DCHR_Trigram_SCREENGLOBAL FOR ANY BACKGROUND CHECK.jpg
2020-04-07 20:06:19,272 :: INFO :: diagram\WordCloud_DCHR_Bigram_Zoho People.jpg
2020-04-07 20:06:20,119 :: INFO :: diagram\WordCloud_DCHR_Trigram_Zoho People.jpg
2020-04-07 20:06:39,965 :: INFO :: diagram\WordCloud_DCHR_Bigram_AdrenalinMAX.jpg
2020-04-07 20:06:40,417 :: INFO :: diagram\WordCloud_DCHR_Trigram_AdrenalinMAX.jpg
2020-04-07 20:06:49,564 :: INFO :: diagram\WordCloud_DCHR_Bigram_CEIPAL.jpg
2020-04-07 20:06:50,693 :: INFO :: diagram\WordCloud_DCHR_Trigram_CEIPAL.jpg
2020-04-07 20:07:08,886 :: INFO :: Saving All topics to excel
2020-04-07 20:07:08,887 :: INFO :: Saving All topics image file path to excel
2020-04-07 20:07:08,888 :: INFO :: ######################################
2020-04-07 20:07:08,888 :: INFO ::   Done saving   Apr-07-2020 20:07:08
2020-04-07 20:07:08,888 :: INFO :: ######################################



