2020-04-07 15:33:18,612 :: INFO :: **************************************************************
2020-04-07 15:33:18,613 :: INFO :: Scrapping Google RSS News by Keyword at Apr-07-2020 15:33:18
2020-04-07 15:33:18,613 :: INFO :: **************************************************************

2020-04-07 15:33:18,613 :: INFO :: Scrapping for ... :HRTECH
2020-04-07 15:33:20,620 :: INFO :: Scraping : https://yourstory.com/2020/04/london-headquartered-hrtech-startup-ixceed-infosys-oracle-hcl
2020-04-07 15:33:21,633 :: INFO :: Scraping : https://www.entrepreneur.com/article/348712
2020-04-07 15:33:22,045 :: INFO :: Scraping : https://www.hrtechnologist.com/news/digital-transformation/hr-technology-service-providers-aim-at-digital-transformation/
2020-04-07 15:33:24,198 :: INFO :: Scraping : https://hrmasia.com/hr-tech-fest-connect-2020-the-future-of-remote-work-is-now/
2020-04-07 15:33:25,818 :: INFO :: Scraping : https://tech.eu/brief/intrro-preseed/
2020-04-07 15:33:26,993 :: INFO :: Scraping : https://www.afr.com/technology/hiring-surges-help-hr-tech-capital-raising-over-the-line-despite-virus-20200403-p54gtk
2020-04-07 15:33:27,584 :: INFO :: Scraping : https://yourstory.com/2020/03/pune-based-hrtech-startup-scikey
2020-04-07 15:33:28,428 :: INFO :: Scraping : https://tech.eu/brief/radahr-funding/
2020-04-07 15:33:29,317 :: INFO :: Scraping : https://hrexecutive.com/dissecting-the-employer-disconnect-in-hr-tech/
2020-04-07 15:33:31,830 :: INFO :: Scraping : https://www.hcmtechnologyreport.com/virus-disrupts-tech-supply-chain-hr-tech-vendors-open-products/
2020-04-07 15:33:32,558 :: INFO :: Scraping : https://www.techinasia.com/laboratiks-closes-2m
2020-04-07 15:33:32,631 :: INFO :: Scraping : https://hrexecutive.com/john-sumser-focusing-hr-tech-development-in-the-time-of-the-virus/
2020-04-07 15:33:35,239 :: INFO :: Scraping : https://www.bizjournals.com/twincities/news/2020/04/06/video-sharing-startup-vidgrid-acquired-by-chicago.html
2020-04-07 15:33:35,284 :: INFO :: Scraping : https://www.itproportal.com/features/technology-in-hr-are-you-asking-the-right-questions/
2020-04-07 15:33:37,400 :: INFO :: Scraping : https://e27.co/morning-news-roundup-ai-based-real-estate-tech-startup-pupil-receives-funding-from-singapores-city-development-limited-20200319/
2020-04-07 15:33:37,467 :: INFO :: Scraping : https://www.expresscomputer.in/artificial-intelligence-ai/5-hr-tech-startups-that-are-leveraging-ai-for-recruitment/50595/
2020-04-07 15:33:38,204 :: INFO :: Scraping : https://searchhrsoftware.techtarget.com/news/252480100/Coronavirus-may-deliver-an-HR-tech-market-shakeout
2020-04-07 15:34:00,095 :: INFO :: Scraping : https://yourstory.com/2020/03/hr-tech-startups-ai-ml-hiring-talent
2020-04-07 15:34:02,341 :: INFO :: Scraping : https://www.hrgrapevine.com/content/article/2020-04-06-3-ways-that-your-boss-could-be-spying-on-you
2020-04-07 15:34:03,214 :: INFO :: Scraping : http://bwpeople.businessworld.in/article/How-HR-Tech-Is-Changing-The-Traditional-Workplace/16-03-2020-186269
2020-04-07 15:34:04,934 :: INFO :: Scraping : https://www.hcmtechnologyreport.com/hr-tech-vendors-hunker-down-business-despite-virus-spread/
2020-04-07 15:34:05,623 :: INFO :: Scraping : https://www.aithority.com/hrtechnology/hr-tech-firm-cappfinity-gears-up-for-global-expansion/
2020-04-07 15:34:08,111 :: INFO :: Scraping : https://www.hrexchangenetwork.com/events-hr-tech-na/
2020-04-07 15:34:10,989 :: INFO :: Scraping : https://searchhrsoftware.techtarget.com/feature/Josh-Bersin-on-employee-experience-fighting-HR-tech-overload
2020-04-07 15:34:14,339 :: INFO :: Scraping : https://hrmasia.com/dissecting-the-employer-disconnect-in-hr-tech/
2020-04-07 15:34:15,959 :: INFO :: Scraping : https://stockhead.com.au/tech/revenues-climb-costs-fall-for-xref-as-its-hr-tech-platform-proves-critical-for-essential-services/
2020-04-07 15:34:16,277 :: INFO :: Scraping : https://weetracker.com/2020/03/10/kenya-fuzu-series-a/
2020-04-07 15:34:17,093 :: INFO :: Scraping : https://www.dealstreetasia.com/stories/engagerocket-qualgro-180512/
2020-04-07 15:34:17,188 :: INFO :: Scraping : https://finance.yahoo.com/news/cisive-honored-cio-applications-top-110000644.html
2020-04-07 15:34:19,094 :: INFO :: Scraping : https://fora.ie/personio-dublin-office-5061772-Mar2020/
2020-04-07 15:34:20,511 :: INFO :: Scraping : https://www.cxotoday.com/news-analysis/hr-tech-that-could-tackle-gender-imbalance-at-workplace/
2020-04-07 15:34:21,041 :: INFO :: Scraping : https://www.hcmtechnologyreport.com/virtual-campus-recruiting-spotlight/
2020-04-07 15:34:21,720 :: INFO :: Scraping : https://www.prnewswire.com/news-releases/eleserv-is-recognized-by-hr-tech-magazine-as-a-top-10-assessment-consultingservice-company-for-2020-301020338.html
2020-04-07 15:34:21,782 :: INFO :: Scraping : https://www.marketscreener.com/SAP-AG-436555/news/SAP-Kicks-Off-SAP-iO-Foundry-Paris-for-HR-Tech-Startups-30218282/
2020-04-07 15:34:23,344 :: INFO :: Scraping : https://www.forbes.com/sites/alisoncoleman/2020/02/11/seven-hr-tech-startups-transforming-a-very-human-industry/
2020-04-07 15:34:25,030 :: INFO :: Scraping : https://e27.co/event/guide-to-filing-form-ir56b-hr-tech-course-by-talenox-academy
2020-04-07 15:34:25,071 :: INFO :: Scraping : https://hrmasia.com/steve-boese-navigating-mergers-acquisitions-and-coronavirus/
2020-04-07 15:34:26,684 :: INFO :: Scraping : https://www.americaninno.com/austin/inno-news/austin-hr-platform-company-kazoo-lays-off-35-of-its-workforce/
2020-04-07 15:34:26,741 :: INFO :: Scraping : https://www.business2community.com/human-resources/5-hr-tech-trends-to-look-out-for-in-2020-and-beyond-02277722
2020-04-07 15:34:27,603 :: INFO :: Scraping : https://www.humanresourcesonline.net/hr-tech-trends-for-2020-and-beyond/
2020-04-07 15:34:30,439 :: INFO :: Scraping : https://www.hrtechnologist.com/articles/ai-in-hr/top-hr-tech-trends-2020/
2020-04-07 15:34:31,829 :: INFO :: Scraping : https://www.hcmtechnologyreport.com/roundup-video-interview-tools-microsoft-teams/
2020-04-07 15:34:32,509 :: INFO :: Scraping : https://hrmasia.com/hr-fest-awards-2020-recognising-the-best-of-hr/
2020-04-07 15:34:34,112 :: INFO :: Scraping : https://www.hcamag.com/asia/specialisation/hr-technology/10-hr-tech-trends-set-to-disrupt-2020/211252
2020-04-07 15:34:35,577 :: INFO :: Scraping : https://www.entrepreneur.com/article/345686
2020-04-07 15:34:36,682 :: INFO :: Scraping : https://www.hcmtechnologyreport.com/remote-employees-mental-health-support/
2020-04-07 15:34:37,369 :: INFO :: Scraping : https://www.bizjournals.com/philadelphia/news/2020/03/11/chester-county-tech-company-starts-expansion-with.html
2020-04-07 15:34:37,415 :: INFO :: Scraping : https://www.hrexchangenetwork.com/hr-tech/articles/top-10-hr-tech-articles-of-2019
2020-04-07 15:34:39,355 :: INFO :: Scraping : https://www.hcmtechnologyreport.com/vendors-focus-on-supporting-hr-consider-virus-impact-on-business/
2020-04-07 15:34:40,038 :: INFO :: Scraping : https://inc42.com/buzz/ant-farm-founder-rishi-khiani-steps-down-to-build-hrtech-startup/
2020-04-07 15:34:40,100 :: INFO :: Scraping : https://www.thehindubusinessline.com/economy/start-ups-that-help-consumers-during-covid-19-to-have-upper-edge/article31262647.ece
2020-04-07 15:34:40,173 :: INFO :: Scraping : https://www.humanresourcesonline.net/three-tips-for-implementing-hr-tech-solutions/
2020-04-07 15:34:42,915 :: INFO :: Scraping : https://www.hrtechnologist.com/articles/hr-analytics/making-sense-of-hr-tech-in-2021/
2020-04-07 15:34:44,982 :: INFO :: Scraping : https://hrexecutive.com/steve-boese-coronavirus-and-the-challenge-to-hr-everywhere/
2020-04-07 15:34:47,451 :: INFO :: Scraping : https://www.hrexchangenetwork.com/online-events/hr-tech-apac
2020-04-07 15:34:51,720 :: INFO :: Scraping : https://www.aithority.com/hrtechnology/ultimate-software-honors-innovation-award-winners-announces-transformative-hcm-technology/
2020-04-07 15:34:53,841 :: INFO :: Scraping : https://inc42.com/buzz/hrtech-startup-zimyo-gets-backing-from-yatra-angel-network-for-global-expansion/
2020-04-07 15:34:53,881 :: INFO :: Scraping : https://www.hcmtechnologyreport.com/roundup-kronos-ultimate-vendors-covid-19/
2020-04-07 15:34:54,573 :: INFO :: Scraping : https://www.peoplematters.in/article/HRMS/will-it-be-a-good-year-for-hr-tech-and-startups-in-2020-24158
2020-04-07 15:34:55,227 :: INFO :: Scraping : https://hrexecutive.com/a-daily-shot-your-covid-19-update/
2020-04-07 15:34:57,753 :: INFO :: Scraping : https://www.peoplematters.in/article/hr-technology/2019-a-sunny-side-up-year-for-the-hr-tech-startups-24031
2020-04-07 15:34:58,852 :: INFO :: Scraping : https://www.peoplematters.in/article/hr-technology/top-10-investments-in-indian-hr-tech-space-in-2019-23947
2020-04-07 15:35:00,162 :: INFO :: Scraping : https://www.straitstimes.com/business/new-panel-to-study-ways-to-boost-tech-use-in-hr-industry
2020-04-07 15:35:00,281 :: INFO :: Scraping : https://www.businesscloud.co.uk/news/hr-software-firm-hires-cro-from-dropbox
2020-04-07 15:35:02,561 :: INFO :: Scraping : https://hrexecutive.com/hr-tech-2019-josh-bersin-on-untangling-the-hr-tech-market/
2020-04-07 15:35:05,115 :: INFO :: Scraping : https://www.techtimes.com/articles/246736/20200104/hr-tech-2020-top-hr-tech-trends-to-implement-in-your-business-this-2020.htm
2020-04-07 15:35:05,723 :: INFO :: Scraping : https://vulcanpost.com/672619/staffany-singapore-seed-funding/
2020-04-07 15:35:06,518 :: INFO :: Scraping : https://www.benefitnews.com/news/employers-plan-greater-investments-in-hr-tech-through-2022
2020-04-07 15:35:08,204 :: INFO :: Scraping : https://techcrunch.com/2019/09/25/india-darwinbox-raises-15m-to-bring-hr-tech-platform-to-more-asian-markets/
2020-04-07 15:35:09,918 :: INFO :: Scraping : https://www.inc.com/suzanne-lucas/the-problems-hr-tech-will-hopefully-solve-in-2020.html
2020-04-07 15:35:11,275 :: INFO :: Scraping : https://yourstory.com/2020/01/funding-hrtech-fintech-startup-zimyo-yatra-angel-network
2020-04-07 15:35:12,368 :: INFO :: Scraping : https://www.hrtechnologist.com/articles/recruitment-onboarding/top-5-hr-tech-trends-to-look-out-in-2020/
2020-04-07 15:35:13,761 :: INFO :: Scraping : https://hrmasia.com/navigating-the-workforce-evolution-together/
2020-04-07 15:35:15,372 :: INFO :: Scraping : https://www.hcmtechnologyreport.com/coronavirus-layoffs-begin-remote-work-continue/
2020-04-07 15:35:16,050 :: INFO :: Scraping : https://hrexecutive.com/these-are-the-80-solutions-debuting-at-hr-tech/
2020-04-07 15:35:18,430 :: INFO :: Scraping : https://www.thomsons.com/resources/webinars/video-innovation-generation-hris/
2020-04-07 15:35:20,068 :: INFO :: Scraping : https://www.forbes.com/sites/kimjay/2019/10/08/singapore-startup-this-hr-tech-firm-worth-100-million-is-ready-to-conquer-asia/
2020-04-07 15:35:21,393 :: INFO :: Scraping : https://inc42.com/buzz/hrtech-startup-talent-litmus-uses-video-games-for-job-screening-gets-funding/
2020-04-07 15:35:21,454 :: INFO :: Scraping : https://www.hcmtechnologyreport.com/employers-will-spend-more-on-hr-tech-dont-align-on-what-works/
2020-04-07 15:35:22,135 :: INFO :: Scraping : https://hrmasia.com/more-than-160-hr-tech-providers-active-singapore/
2020-04-07 15:35:23,732 :: INFO :: Scraping : https://www.aithority.com/hrtechnology/record-breaking-hrtech-valuations-and-deal-volumes-creating-lucrative-market-for-sellers-reveals-hampleton-partners/
2020-04-07 15:35:25,470 :: INFO :: Scraping : https://www.aithority.com/hrtechnology/employers-adopt-new-tech-to-help-reduce-impact-of-covid-19-on-workforce/
2020-04-07 15:35:27,222 :: INFO :: Scraping : https://hrmasia.com/steve-boese-what-trends-will-dominate-hr-tech-in-2020/
2020-04-07 15:35:28,815 :: INFO :: Scraping : https://hrexecutive.com/introducing-select-hr-tech-an-immersive-experience/
2020-04-07 15:35:34,359 :: INFO :: Scraping : https://www.aithority.com/hrtechnology/eightfold-ai-creates-talent-exchange-with-fmi-to-immediately-match-recently-furloughed-or-laid-off-employees-with-critical-open-jobs/
2020-04-07 15:35:36,101 :: INFO :: Scraping : https://www.aithority.com/hrtechnology/vymo-hosts-panel-discussion-on-maximizing-remote-work-efficiency-with-virtual-assistant-expert-melissa-smith/
2020-04-07 15:35:37,263 :: INFO :: Scraping : https://www.hrtechnologist.com/news/digital-transformation/2019-singapore-hrtech-market-map-unveiled-a-record-160-specialised-local-and-overseas-hrtech-providers-servicing-the-singapore-talent-marketplace/
2020-04-07 15:35:38,687 :: INFO :: Scraping : https://hrexecutive.com/heres-how-to-make-sense-of-the-dramatic-shifts-in-hr-tech/
2020-04-07 15:35:49,436 :: INFO :: Scraping : https://e27.co/samsung-ventures-leads-us7m-hrtech-payroll-startup-swingvy-20190429/
2020-04-07 15:35:49,481 :: INFO :: Scraping : https://yourstory.com/2019/10/saas-hr-tech-promising-better-appraisals
2020-04-07 15:35:50,357 :: INFO :: Scraping : https://www.aithority.com/hrtechnology/justworks-launches-new-tool-to-help-businesses-offer-covid-19-related-paid-leave/
2020-04-07 15:35:53,266 :: INFO :: Scraping : https://yourstory.com/2020/02/the-turning-point-hr-tech-startup-skillate-recruitment
2020-04-07 15:35:55,989 :: INFO :: Scraping : https://www.contxto.com/en/brazil/revelo-raises-us15-million-series-b-to-grow-hrtech-hiring-platform/
2020-04-07 15:35:58,139 :: INFO :: Scraping : https://hrexecutive.com/heres-what-to-expect-at-women-in-hr-tech/
2020-04-07 15:36:00,437 :: INFO :: Scraping : https://hrexecutive.com/hr-tech-2019-five-takeaways-from-this-years-conference/
2020-04-07 15:36:02,722 :: INFO :: Scraping : https://www.hcmtechnologyreport.com/poor-service-spurs-growing-regrets-among-hr-tech-buyers/
2020-04-07 15:36:03,420 :: INFO :: Scraping : https://www.hcamag.com/asia/specialisation/employee-engagement/kids-on-a-conference-call-tips-for-parents-working-from-home/218186
2020-04-07 15:36:04,982 :: INFO :: Scraping : https://hrexecutive.com/you-can-check-out-these-6-new-hr-technologies-at-hr-tech-this-year/
2020-04-07 15:36:07,339 :: INFO :: Scraping : https://www.workforce.com/news/venture-capital-funding-frenzy-over-hr-technology-on-record-pace
2020-04-07 15:36:07,682 :: INFO :: Scraping : https://hrexecutive.com/steve-boese-3-reasons-you-should-join-me-at-hr-tech/
2020-04-07 15:36:10,299 :: INFO :: Scrapping for ... :HR Analystics
2020-04-07 15:36:10,910 :: INFO :: Scraping : https://www.analyticsinsight.net/top-5-deep-learning-trends-that-will-dominate-2019/
2020-04-07 15:36:19,535 :: INFO :: Scraping : https://www.dfnionline.com/lead-stories/singapore-airlines-ecommerce-platform-krisshop-unveils-brand-relaunch-21-08-2019/
2020-04-07 15:36:20,414 :: INFO :: Scraping : https://www.inddist.com/staffing-changes/news/21118486/genuine-parts-co-hires-former-hd-supply-facilities-maintenance-ceo
2020-04-07 15:36:22,277 :: INFO :: Scraping : https://www.businesstimes.com.sg/banking-finance/smu-citi-ventures-to-offer-fintech-experiential-learning-in-singapore
2020-04-07 15:36:22,378 :: INFO :: Scraping : https://www.expresshealthcare.in/lab-diagnostics/betting-big-on-big-data/415511/
2020-04-07 15:36:23,151 :: INFO :: Scraping : https://www.ninersnation.com/2019/8/16/20807641/49ers-jimmy-garoppolo-help-offensive-line-analystics
2020-04-07 15:36:24,671 :: INFO :: Scraping : https://www.expresshealthcare.in/lab-diagnostics/tissue-diagnostics-widening-the-horizon-in-onco-care/414586/
2020-04-07 15:36:25,423 :: INFO :: Scraping : https://seekingalpha.com/article/4293020-sell-iron-mountain-junk-rated-balance-sheet-starting-rust
2020-04-07 15:36:25,640 :: INFO :: Scraping : https://www.phillymag.com/business/2016/08/22/rjmetrics-magento-analystics-stitch/
2020-04-07 15:36:27,722 :: INFO :: Scraping : https://www.eweek.com/big-data-and-analytics/striim-launches-real-time-streaming-data-integration-for-iot-deployments
2020-04-07 15:36:28,733 :: INFO :: Scraping : https://www.domain-b.com/management/m_a/index.htm
2020-04-07 15:36:29,953 :: INFO :: Scraping : https://www.retailgazette.co.uk/blog/2019/04/charles-tyrwhitt-promotes-north-america-president-ceo/
2020-04-07 15:36:33,912 :: INFO :: Scraping : https://www.prnewswire.com/news-releases/synnex-corporation-adds-cisco-offerings-to-cloudsolv-platform-300698318.html
2020-04-07 15:36:33,973 :: INFO :: Scraping : https://www.silicon.co.uk/cloud/oracle-slack-chatbots-222641
2020-04-07 15:36:35,625 :: INFO :: Scraping : https://www.consultancy.uk/news/2585/consulting-firm-dufrain-seeking-50-new-bi-consultants
2020-04-07 15:36:36,528 :: INFO :: Scraping : https://www.domain-b.com/industry/telecom/index.html
2020-04-07 15:36:37,487 :: INFO :: Scraping : https://diginomica.com/financialforce-pushes-erp-native-salesforce-platform
2020-04-07 15:36:41,197 :: INFO :: Scraping : https://www.govexec.com/management/2018/05/irs-defends-budget-would-cut-more-2200-full-time-jobs/148415/
2020-04-07 15:36:43,054 :: INFO :: Scraping : https://www.retailtimes.co.uk/the-co-operative-group-delivers-retail-business-transformation-with-jda/
2020-04-07 15:36:44,663 :: INFO :: Scraping : http://www.businessworld.in/article/Oil-Gas-Mega-Merger/15-02-2017-112976
2020-04-07 15:36:45,238 :: INFO :: ######################################
2020-04-07 15:36:45,238 :: INFO ::   Done saving   Apr-07-2020 15:36:45
2020-04-07 15:36:45,238 :: INFO :: ######################################



2020-04-07 20:37:12,893 :: INFO :: **************************************************************
2020-04-07 20:37:12,893 :: INFO :: Scrapping Google RSS News by Keyword at Apr-07-2020 20:37:12
2020-04-07 20:37:12,893 :: INFO :: **************************************************************

2020-04-07 20:37:12,893 :: INFO :: Scrapping for ... :HRTECH
2020-04-07 20:37:14,733 :: INFO :: Scraping : https://yourstory.com/2020/04/london-headquartered-hrtech-startup-ixceed-infosys-oracle-hcl
2020-04-07 20:37:15,910 :: INFO :: Scraping : https://www.entrepreneur.com/article/348712
2020-04-07 20:37:16,433 :: INFO :: Scraping : https://www.hrtechnologist.com/news/digital-transformation/hr-technology-service-providers-aim-at-digital-transformation/
2020-04-07 20:37:18,598 :: INFO :: Scraping : https://hrmasia.com/hr-tech-fest-connect-2020-the-future-of-remote-work-is-now/
2020-04-07 20:37:20,271 :: INFO :: Scraping : https://tech.eu/brief/intrro-preseed/
2020-04-07 20:37:21,476 :: INFO :: Scraping : https://yourstory.com/2020/03/pune-based-hrtech-startup-scikey
2020-04-07 20:37:23,919 :: INFO :: Scraping : https://www.afr.com/technology/hiring-surges-help-hr-tech-capital-raising-over-the-line-despite-virus-20200403-p54gtk
2020-04-07 20:37:24,756 :: INFO :: Scraping : https://tech.eu/brief/radahr-funding/
2020-04-07 20:37:25,631 :: INFO :: Scraping : https://www.hrtechnologist.com/interviews/digital-transformation/michael-stephan-deloitte-the-rise-of-super-job/
2020-04-07 20:37:27,656 :: INFO :: Scraping : https://hrexecutive.com/dissecting-the-employer-disconnect-in-hr-tech/
2020-04-07 20:37:29,323 :: INFO :: Scraping : https://www.hcmtechnologyreport.com/virus-disrupts-tech-supply-chain-hr-tech-vendors-open-products/
2020-04-07 20:37:30,283 :: INFO :: Scraping : https://www.techinasia.com/laboratiks-closes-2m
2020-04-07 20:37:30,325 :: INFO :: Scraping : https://hrexecutive.com/john-sumser-focusing-hr-tech-development-in-the-time-of-the-virus/
2020-04-07 20:37:32,003 :: INFO :: Scraping : https://www.bizjournals.com/twincities/news/2020/04/06/video-sharing-startup-vidgrid-acquired-by-chicago.html
2020-04-07 20:37:32,052 :: INFO :: Scraping : https://e27.co/morning-news-roundup-ai-based-real-estate-tech-startup-pupil-receives-funding-from-singapores-city-development-limited-20200319/
2020-04-07 20:37:32,101 :: INFO :: Scraping : https://www.itproportal.com/features/technology-in-hr-are-you-asking-the-right-questions/
2020-04-07 20:37:33,976 :: INFO :: Scraping : https://www.expresscomputer.in/artificial-intelligence-ai/5-hr-tech-startups-that-are-leveraging-ai-for-recruitment/50595/
2020-04-07 20:37:34,738 :: INFO :: Scraping : https://searchhrsoftware.techtarget.com/news/252480100/Coronavirus-may-deliver-an-HR-tech-market-shakeout
2020-04-07 20:37:37,350 :: INFO :: Scraping : https://yourstory.com/2020/03/hr-tech-startups-ai-ml-hiring-talent
2020-04-07 20:37:38,243 :: INFO :: Scraping : http://bwpeople.businessworld.in/article/How-HR-Tech-Is-Changing-The-Traditional-Workplace/16-03-2020-186269
2020-04-07 20:37:40,202 :: INFO :: Scraping : https://www.hcmtechnologyreport.com/hr-tech-vendors-hunker-down-business-despite-virus-spread/
2020-04-07 20:37:40,889 :: INFO :: Scraping : https://www.aithority.com/hrtechnology/hr-tech-firm-cappfinity-gears-up-for-global-expansion/
2020-04-07 20:37:43,717 :: INFO :: Scraping : https://www.hrgrapevine.com/content/article/2020-04-06-3-ways-that-your-boss-could-be-spying-on-you
2020-04-07 20:37:44,531 :: INFO :: Scraping : https://www.hrexchangenetwork.com/events-hr-tech-na/
2020-04-07 20:37:47,721 :: INFO :: Scraping : https://searchhrsoftware.techtarget.com/feature/Josh-Bersin-on-employee-experience-fighting-HR-tech-overload
2020-04-07 20:37:50,043 :: INFO :: Scraping : https://hrmasia.com/dissecting-the-employer-disconnect-in-hr-tech/
2020-04-07 20:37:51,702 :: INFO :: Scraping : https://e27.co/event/guide-to-filing-form-ir56b-hr-tech-course-by-talenox-academy
2020-04-07 20:37:51,745 :: INFO :: Scraping : https://stockhead.com.au/tech/revenues-climb-costs-fall-for-xref-as-its-hr-tech-platform-proves-critical-for-essential-services/
2020-04-07 20:37:52,058 :: INFO :: Scraping : https://www.dealstreetasia.com/stories/engagerocket-qualgro-180512/
2020-04-07 20:37:52,329 :: INFO :: Scraping : https://weetracker.com/2020/03/10/kenya-fuzu-series-a/
2020-04-07 20:37:53,126 :: INFO :: Scraping : https://finance.yahoo.com/news/cisive-honored-cio-applications-top-110000644.html
2020-04-07 20:37:54,973 :: INFO :: Scraping : https://fora.ie/personio-dublin-office-5061772-Mar2020/
2020-04-07 20:37:56,142 :: INFO :: Scraping : https://www.cxotoday.com/news-analysis/hr-tech-that-could-tackle-gender-imbalance-at-workplace/
2020-04-07 20:37:56,815 :: INFO :: Scraping : https://www.prnewswire.com/news-releases/eleserv-is-recognized-by-hr-tech-magazine-as-a-top-10-assessment-consultingservice-company-for-2020-301020338.html
2020-04-07 20:37:56,873 :: INFO :: Scraping : https://www.marketscreener.com/SAP-AG-436555/news/SAP-Kicks-Off-SAP-iO-Foundry-Paris-for-HR-Tech-Startups-30218282/
2020-04-07 20:37:58,784 :: INFO :: Scraping : https://www.forbes.com/sites/alisoncoleman/2020/02/11/seven-hr-tech-startups-transforming-a-very-human-industry/
2020-04-07 20:38:00,654 :: INFO :: Scraping : https://www.hcmtechnologyreport.com/virtual-campus-recruiting-spotlight/
2020-04-07 20:38:01,340 :: INFO :: Scraping : https://hrmasia.com/steve-boese-navigating-mergers-acquisitions-and-coronavirus/
2020-04-07 20:38:03,104 :: INFO :: Scraping : https://www.americaninno.com/austin/inno-news/austin-hr-platform-company-kazoo-lays-off-35-of-its-workforce/
2020-04-07 20:38:03,149 :: INFO :: Scraping : https://www.business2community.com/human-resources/5-hr-tech-trends-to-look-out-for-in-2020-and-beyond-02277722
2020-04-07 20:38:04,005 :: INFO :: Scraping : https://www.humanresourcesonline.net/hr-tech-trends-for-2020-and-beyond/
2020-04-07 20:38:06,682 :: INFO :: Scraping : https://www.hrtechnologist.com/articles/ai-in-hr/top-hr-tech-trends-2020/
2020-04-07 20:38:08,213 :: INFO :: Scraping : https://hrmasia.com/hr-fest-awards-2020-recognising-the-best-of-hr/
2020-04-07 20:38:09,813 :: INFO :: Scraping : https://www.hcamag.com/asia/specialisation/hr-technology/10-hr-tech-trends-set-to-disrupt-2020/211252
2020-04-07 20:38:11,221 :: INFO :: Scraping : https://www.entrepreneur.com/article/345686
2020-04-07 20:38:12,183 :: INFO :: Scraping : https://www.bizjournals.com/philadelphia/news/2020/03/11/chester-county-tech-company-starts-expansion-with.html
2020-04-07 20:38:12,223 :: INFO :: Scraping : https://www.techfunnel.com/hr-tech/effective-communication-in-the-workplace/
2020-04-07 20:38:12,710 :: INFO :: Scraping : https://www.hrexchangenetwork.com/hr-tech/articles/top-10-hr-tech-articles-of-2019
2020-04-07 20:38:14,745 :: INFO :: Scraping : https://inc42.com/buzz/ant-farm-founder-rishi-khiani-steps-down-to-build-hrtech-startup/
2020-04-07 20:38:14,822 :: INFO :: Scraping : https://www.humanresourcesonline.net/three-tips-for-implementing-hr-tech-solutions/
2020-04-07 20:38:17,068 :: INFO :: Scraping : https://www.hrtechnologist.com/articles/hr-analytics/making-sense-of-hr-tech-in-2021/
2020-04-07 20:38:18,393 :: INFO :: Scraping : https://hrexecutive.com/steve-boese-coronavirus-and-the-challenge-to-hr-everywhere/
2020-04-07 20:38:20,080 :: INFO :: Scraping : https://www.thehindubusinessline.com/economy/start-ups-that-help-consumers-during-covid-19-to-have-upper-edge/article31262647.ece
2020-04-07 20:38:20,173 :: INFO :: Scraping : https://www.hrexchangenetwork.com/online-events/hr-tech-apac
2020-04-07 20:38:24,160 :: INFO :: Scraping : https://inc42.com/buzz/hrtech-startup-zimyo-gets-backing-from-yatra-angel-network-for-global-expansion/
2020-04-07 20:38:24,199 :: INFO :: Scraping : https://www.peoplematters.in/article/HRMS/will-it-be-a-good-year-for-hr-tech-and-startups-in-2020-24158
2020-04-07 20:38:24,673 :: INFO :: Scraping : https://hrexecutive.com/a-daily-shot-your-covid-19-update/
2020-04-07 20:38:26,396 :: INFO :: Scraping : https://www.peoplematters.in/article/hr-technology/2019-a-sunny-side-up-year-for-the-hr-tech-startups-24031
2020-04-07 20:38:27,304 :: INFO :: Scraping : https://www.peoplematters.in/article/hr-technology/top-10-investments-in-indian-hr-tech-space-in-2019-23947
2020-04-07 20:38:27,936 :: INFO :: Scraping : https://www.straitstimes.com/business/new-panel-to-study-ways-to-boost-tech-use-in-hr-industry
2020-04-07 20:38:28,030 :: INFO :: Scraping : https://www.techfunnel.com/hr-tech/business-continuity-planning-hr/
2020-04-07 20:38:28,520 :: INFO :: Scraping : https://hrexecutive.com/hr-tech-2019-josh-bersin-on-untangling-the-hr-tech-market/
2020-04-07 20:38:30,108 :: INFO :: Scraping : https://www.techtimes.com/articles/246736/20200104/hr-tech-2020-top-hr-tech-trends-to-implement-in-your-business-this-2020.htm
2020-04-07 20:38:30,741 :: INFO :: Scraping : https://www.businesscloud.co.uk/news/hr-software-firm-hires-cro-from-dropbox
2020-04-07 20:38:33,191 :: INFO :: Scraping : https://www.aithority.com/hrtechnology/ultimate-software-honors-innovation-award-winners-announces-transformative-hcm-technology/
2020-04-07 20:38:38,433 :: INFO :: Scraping : https://www.benefitnews.com/news/employers-plan-greater-investments-in-hr-tech-through-2022
2020-04-07 20:38:39,836 :: INFO :: Scraping : https://techcrunch.com/2019/09/25/india-darwinbox-raises-15m-to-bring-hr-tech-platform-to-more-asian-markets/
2020-04-07 20:38:41,441 :: INFO :: Scraping : https://www.inc.com/suzanne-lucas/the-problems-hr-tech-will-hopefully-solve-in-2020.html
2020-04-07 20:38:42,575 :: INFO :: Scraping : https://yourstory.com/2020/01/funding-hrtech-fintech-startup-zimyo-yatra-angel-network
2020-04-07 20:38:43,679 :: INFO :: Scraping : https://www.hrtechnologist.com/articles/recruitment-onboarding/top-5-hr-tech-trends-to-look-out-in-2020/
2020-04-07 20:38:44,894 :: INFO :: Scraping : https://hrmasia.com/navigating-the-workforce-evolution-together/
2020-04-07 20:38:46,528 :: INFO :: Scraping : https://hrexecutive.com/these-are-the-80-solutions-debuting-at-hr-tech/
2020-04-07 20:38:48,113 :: INFO :: Scraping : https://www.thomsons.com/resources/webinars/video-innovation-generation-hris/
2020-04-07 20:38:49,707 :: INFO :: Scraping : https://www.forbes.com/sites/kimjay/2019/10/08/singapore-startup-this-hr-tech-firm-worth-100-million-is-ready-to-conquer-asia/
2020-04-07 20:38:51,013 :: INFO :: Scraping : https://inc42.com/buzz/hrtech-startup-talent-litmus-uses-video-games-for-job-screening-gets-funding/
2020-04-07 20:38:51,055 :: INFO :: Scraping : https://www.hcmtechnologyreport.com/employers-will-spend-more-on-hr-tech-dont-align-on-what-works/
2020-04-07 20:38:51,738 :: INFO :: Scraping : https://hrmasia.com/more-than-160-hr-tech-providers-active-singapore/
2020-04-07 20:38:53,347 :: INFO :: Scraping : https://www.aithority.com/hrtechnology/record-breaking-hrtech-valuations-and-deal-volumes-creating-lucrative-market-for-sellers-reveals-hampleton-partners/
2020-04-07 20:38:55,697 :: INFO :: Scraping : https://www.aithority.com/hrtechnology/employers-adopt-new-tech-to-help-reduce-impact-of-covid-19-on-workforce/
2020-04-07 20:38:58,260 :: INFO :: Scraping : https://hrmasia.com/steve-boese-what-trends-will-dominate-hr-tech-in-2020/
2020-04-07 20:38:59,856 :: INFO :: Scraping : https://hrexecutive.com/introducing-select-hr-tech-an-immersive-experience/
2020-04-07 20:39:01,672 :: INFO :: Scraping : https://www.hrtechnologist.com/news/digital-transformation/2019-singapore-hrtech-market-map-unveiled-a-record-160-specialised-local-and-overseas-hrtech-providers-servicing-the-singapore-talent-marketplace/
2020-04-07 20:39:03,528 :: INFO :: Scraping : https://hrexecutive.com/heres-how-to-make-sense-of-the-dramatic-shifts-in-hr-tech/
2020-04-07 20:39:05,288 :: INFO :: Scraping : https://e27.co/samsung-ventures-leads-us7m-hrtech-payroll-startup-swingvy-20190429/
2020-04-07 20:39:05,333 :: INFO :: Scraping : https://yourstory.com/2019/10/saas-hr-tech-promising-better-appraisals
2020-04-07 20:39:07,960 :: INFO :: Scraping : https://yourstory.com/2020/02/the-turning-point-hr-tech-startup-skillate-recruitment
2020-04-07 20:39:09,123 :: INFO :: Scraping : https://www.contxto.com/en/brazil/revelo-raises-us15-million-series-b-to-grow-hrtech-hiring-platform/
2020-04-07 20:39:10,444 :: INFO :: Scraping : https://hrexecutive.com/heres-what-to-expect-at-women-in-hr-tech/
2020-04-07 20:39:12,036 :: INFO :: Scraping : https://hrexecutive.com/hr-tech-2019-five-takeaways-from-this-years-conference/
2020-04-07 20:39:13,789 :: INFO :: Scraping : https://hrmasia.com/josh-bersin-what-is-hrs-role-in-a-crisis/
2020-04-07 20:39:15,393 :: INFO :: Scraping : https://www.hcmtechnologyreport.com/poor-service-spurs-growing-regrets-among-hr-tech-buyers/
2020-04-07 20:39:16,075 :: INFO :: Scraping : https://hrexecutive.com/you-can-check-out-these-6-new-hr-technologies-at-hr-tech-this-year/
2020-04-07 20:39:18,011 :: INFO :: Scraping : https://www.hcamag.com/asia/specialisation/employee-engagement/kids-on-a-conference-call-tips-for-parents-working-from-home/218186
2020-04-07 20:39:19,372 :: INFO :: Scraping : https://www.workforce.com/news/venture-capital-funding-frenzy-over-hr-technology-on-record-pace
2020-04-07 20:39:19,750 :: INFO :: Scraping : https://hrexecutive.com/steve-boese-3-reasons-you-should-join-me-at-hr-tech/
2020-04-07 20:39:21,353 :: INFO :: Scraping : https://www.peoplematters.in/article/hr-technology/hr-tech-is-transforming-hr-function-faster-than-what-was-expected-dr-rakshita-shharma-23972
2020-04-07 20:40:18,095 :: INFO :: Scraping : https://yourstory.com/2019/12/hrtech-company-peoplestrong-acquires-qilo-saas-startup
2020-04-07 20:40:18,937 :: INFO :: Scraping : https://www.itproportal.com/features/hr-tech-martech-fintech-but-what-about-opstech/
2020-04-07 20:40:21,921 :: INFO :: Scraping : https://www.smartcompany.com.au/startupsmart/news/joyous-hr-tech-new-zealand/
2020-04-07 20:40:21,981 :: INFO :: Scraping : https://www.aithority.com/hrtechnology/vymo-hosts-panel-discussion-on-maximizing-remote-work-efficiency-with-virtual-assistant-expert-melissa-smith/
2020-04-07 20:40:23,257 :: INFO :: Scrapping for ... :HR Analytics
2020-04-07 20:40:24,107 :: INFO :: Scraping : https://www.forbes.com/sites/forbeshumanresourcescouncil/2020/04/03/11-benefits-of-workforce-analytics-for-hr-teams/
2020-04-07 20:40:25,604 :: INFO :: Scraping : https://www.humanresourcesonline.net/people-process-and-system-asms-three-pillars-to-a-successful-people-analytics-transformation-journey/
2020-04-07 20:40:27,856 :: INFO :: Scraping : https://www.whatech.com/market-research/it/645694-hr-analytics-market-scrutinized-in-the-new-analysis
2020-04-07 20:40:29,551 :: INFO :: Scraping : https://www.hrtechnologist.com/articles/hr-analytics/how-to-transform-hr-data-into-business-result/
2020-04-07 20:40:31,457 :: INFO :: Scraping : https://germanyenglishnews.com/german-news/2020/04/06/hr-analytics-market-trends-analysis-top-manufacturers-shares-growth-opportunities-and-forecast-to-2026/
2020-04-07 20:40:32,237 :: INFO :: Scraping : https://www.whatech.com/market-research/it/645413-hr-analytics-market-insights-potential-business-strategies-mergers-and-acquisitions-revenue-analysis
2020-04-07 20:40:33,757 :: INFO :: Scraping : https://www.businesswire.com/news/home/20200311005580/en/Quantzig%E2%80%99s-Analytics-Experts-Unveil-Benefits-HR-Analytics
2020-04-07 20:40:34,862 :: INFO :: Scraping : https://www.gurufocus.com/news/1093658/global-hr-analytics-market-is-expected-to-reach-million-usd-401346-by-the-end-of-2026-with-a-cagr-of-145-during-20102027-proficient-market
2020-04-07 20:40:34,912 :: INFO :: Scraping : https://www.humanresourcesonline.net/top-10-hr-books-to-read-for-2020/
2020-04-07 20:40:35,038 :: INFO :: Scraping : https://www.humanresourcesonline.net/qa-how-people-analytics-turns-data-into-meaningful-insights/
2020-04-07 20:40:37,538 :: INFO :: Scraping : https://www.economist.com/business/2020/03/24/the-coronavirus-crisis-thrusts-corporate-hr-chiefs-into-the-spotlight
2020-04-07 20:40:38,054 :: INFO :: Scraping : https://www.businesswire.com/news/home/20200309005190/en/Claro-Workforce-Analytics-Launches-Talent-Market-Supply
2020-04-07 20:40:38,361 :: INFO :: Scraping : https://www.hrtechnologist.com/articles/hr-analytics/3-ways-to-understand-employee-absence-that-hr-leaders-should-know/
2020-04-07 20:40:40,298 :: INFO :: Scraping : https://www.oracleglobe.com/how-hr-analytics-and-hr-data-benefit-a-business/
2020-04-07 20:40:40,902 :: INFO :: Scraping : https://www.onrec.com/news/news-archive/5-hr-areas-to-keep-an-eye-in-2020
2020-04-07 20:40:42,598 :: INFO :: Scraping : https://www.businesswire.com/news/home/20200402005575/en/Employee-Performance-Analytics-Helping-Corporate-Sector-Adapt
2020-04-07 20:40:43,579 :: INFO :: Scraping : https://www.openpr.com/news/1998229/hr-analytics-tools-market-set-for-rapid-growth-during-2020-2025
2020-04-07 20:40:44,315 :: INFO :: Scraping : https://business.financialpost.com/pmn/press-releases-pmn/business-wire-news-releases-pmn/materials-manufacturer-selects-3clogic-to-integrate-with-servicenow-hr-service-delivery-to-optimize-in-house-employee-services
2020-04-07 20:40:46,137 :: INFO :: Scraping : https://www.hrdive.com/news/5-ways-hiring-will-feel-more-not-less-human-in-2030/573153/
2020-04-07 20:40:46,230 :: INFO :: Scraping : https://www.hrtechnologist.com/articles/learning-development/what-is-human-resource-development/
2020-04-07 20:40:47,745 :: INFO :: Scraping : https://www.peoplematters.in/article/c-suite/major-hr-movements-from-january-2020-to-march-2020-25241
2020-04-07 20:40:56,005 :: INFO :: Scraping : https://www.hrtechnologist.com/articles/hr-analytics/hr-in-the-cloud-age-10-ways-to-stay-grounded/
2020-04-07 20:40:57,318 :: INFO :: Scraping : https://publicist360.com/2020/04/06/global-workforce-analytics-market-industry-analysis-and-forecast-2020-2027/
2020-04-07 20:40:58,924 :: INFO :: Scraping : https://www.bccourier.com/hr-analytics-software-market-by-latest-trends-business-opportunities-segmentation-and-2026-top-companies/
2020-04-07 20:41:06,137 :: INFO :: Scraping : https://www.benzinga.com/pressreleases/20/04/n15755447/nemesysco-reports-increased-interest-for-its-voice-analytics-technology-for-remote-employee-wellne
2020-04-07 20:41:07,451 :: INFO :: Scraping : https://www.peoplematters.in/article/life-at-work/building-people-first-companies-25225
2020-04-07 20:41:12,816 :: INFO :: Scraping : https://www.aiia.net/culture-talent/articles/aiia-march-roundup-on-your-customer-1
2020-04-07 20:41:15,171 :: INFO :: Scraping : https://www.hrtechnologist.com/articles/hr-analytics/eight-hr-analytics-courses-2020/
2020-04-07 20:41:16,501 :: INFO :: Scraping : https://www.humanresourcesonline.net/why-all-hr-professionals-must-be-conversant-in-hr-analytics/
2020-04-07 20:41:19,198 :: INFO :: Scraping : https://www.hrtechnologist.com/news/digital-transformation/hr-technology-service-providers-aim-at-digital-transformation/
2020-04-07 20:41:20,512 :: INFO :: Scraping : https://publicist360.com/2020/04/03/people-and-hr-analytics-software-market-size-share-and-precise-outlook-during-2020-to-2025-oracle-sage-clicdata-sisense/
2020-04-07 20:41:22,297 :: INFO :: Scraping : https://hrexecutive.com/dissecting-the-employer-disconnect-in-hr-tech/
2020-04-07 20:41:23,958 :: INFO :: Scraping : https://www.curiousdesk.com/workforce-analytics-market-key-opportunities-and-future-demand-by-kronos-infor-verint-nice-systems-workforce-software-clicksoftware/
2020-04-07 20:41:24,693 :: INFO :: Scraping : https://www.forbes.com/sites/douglaslaney/2020/04/06/unprecedented-with-data-analytics-and-scenario-planning-theres-no-such-thing/
2020-04-07 20:41:26,495 :: INFO :: Scraping : https://www.hrtechnologist.com/articles/hr-analytics/what-is-people-analytics/
2020-04-07 20:41:27,731 :: INFO :: Scraping : https://www.influencive.com/the-usage-of-big-data-in-people-analytics-and-talent-acquisition-analytics/
2020-04-07 20:41:30,262 :: INFO :: Scraping : https://www.openpr.com/news/2000149/hr-business-analytics-market-to-eyewitness-massive-growth
2020-04-07 20:41:30,990 :: INFO :: Scraping : https://galusaustralis.com/2020/04/582168/hr-business-analytics-market-share-and-growth-rate-2019-2026/
2020-04-07 20:41:31,733 :: INFO :: Scraping : https://jobs.personneltoday.com/job/1401614019/hr-reporting-and-analytics-specialist/
2020-04-07 20:41:32,946 :: INFO :: Scraping : https://www.hrtechnologist.com/articles/recruitment-onboarding/10-trends-that-will-shape-recruitment-in-2020/
2020-04-07 20:41:34,172 :: INFO :: Scraping : https://www.hrexchangenetwork.com/people-analytics/interviews/align-learning-to-drive-business-results
2020-04-07 20:41:36,304 :: INFO :: Scraping : https://www.techfunnel.com/hr-tech/hr-analytics-guide/
2020-04-07 20:41:36,803 :: INFO :: Scraping : https://www.peoplematters.in/article/recruitment/unemployment-and-hiring-trends-during-covid-19-25230
2020-04-07 20:41:41,145 :: INFO :: Scraping : https://www.globenewswire.com/news-release/2020/02/04/1979262/0/en/HR-Analytics-Market-to-grow-at-11-to-hit-3-6-billion-by-2025-Global-Insights-on-Size-Share-Growth-Drivers-Key-Trends-Competitive-Landscape-and-Business-Opportunities-Adroit-Market-.html
2020-04-07 20:41:42,745 :: INFO :: Scraping : https://www.hrtechnologist.com/interviews/employee-engagement/rhiannon-staples-hibob-employee-engagement-retention/
2020-04-07 20:41:43,990 :: INFO :: Scraping : https://www.analyticsinsight.net/10-innovative-hr-analytics-solutions-providers-2019/
2020-04-07 20:41:47,093 :: INFO :: Scraping : https://www.growthbusiness.co.uk/the-future-of-the-workforce-and-the-promise-of-data-analytics-2557438/
2020-04-07 20:41:48,531 :: INFO :: Scraping : https://www.hrtechnologist.com/articles/hr-analytics/why-hr-analytics-is-the-key-to-continuous-improvement/
2020-04-07 20:41:50,243 :: INFO :: Scraping : https://www.forbes.com/sites/bernardmarr/2020/02/14/future-of-people-analytics-what-lies-ahead-for-data-driven-hr/
2020-04-07 20:41:51,943 :: INFO :: Scraping : https://www.openpr.com/news/1988496/workforce-analytics-market-22020-growth-analysis-trends
2020-04-07 20:41:52,741 :: INFO :: Scraping : https://www.hrtechnologist.com/articles/digital-transformation/hr-professionals-of-the-future-will-be-data-scientists-first/
2020-04-07 20:41:54,022 :: INFO :: Scraping : https://www.hrtechnologist.com/articles/hr-analytics/what-is-hr-analytics/
2020-04-07 20:41:55,540 :: INFO :: Scraping : https://www.cfo.com/people/2020/03/cfos-should-not-leave-workforce-analytics-solely-to-hr/
2020-04-07 20:41:56,995 :: INFO :: Scraping : https://www.hrtechnologist.com/articles/hr-analytics/how-to-ethically-secure-people-analytics/
2020-04-07 20:41:58,374 :: INFO :: Scraping : https://www.businessdailyafrica.com/lifestyle/society/HR-Analytics-for-decision-making/3405664-5470058-b0liki/index.html
2020-04-07 20:41:58,468 :: INFO :: Scraping : https://www.newswiretoday.com/news/172657/SAS-Recognizes-Global-Partner-Innovation-and-Collaboration/
2020-04-07 20:41:59,929 :: INFO :: Scraping : https://www.hrtechnologist.com/articles/hr-analytics/how-to-get-the-most-from-yourhrdata-analytics/
2020-04-07 20:42:01,413 :: INFO :: Scraping : https://hbr.org/2019/04/is-hr-the-most-analytics-driven-function
2020-04-07 20:42:02,638 :: INFO :: Scraping : https://www.prnewswire.com/news-releases/global-hr-analytics-market-forecast-to-2025---massive-volumes-of-hr-data-generated-from-job-portals-increase-demand--create-opportunities-300984310.html
2020-04-07 20:42:02,695 :: INFO :: Scraping : https://www.hrtechnologist.com/interviews/hr-compliance/business-continuity-planning-coronavirus-pandemic/
2020-04-07 20:42:03,953 :: INFO :: Scraping : https://www.analyticsinsight.net/big-data-effective-response-coronavirus-outbreak/
2020-04-07 20:42:06,999 :: INFO :: Scraping : https://www.forbes.com/sites/bernardmarr/2020/02/12/what-are-the-pitfalls-of-people-analytics-and-data-driven-hr/
2020-04-07 20:42:08,551 :: INFO :: Scraping : https://hrexecutive.com/hr-tech-2019-how-to-get-started-on-hr-analytics/
2020-04-07 20:42:10,320 :: INFO :: Scraping : https://www.businesswire.com/news/home/20200204005635/en/Global-HR-Analytics-Market-Industry-Analysis-Growth
2020-04-07 20:42:12,015 :: INFO :: Scraping : https://www.hcamag.com/asia/specialisation/hr-technology/how-can-hr-thrive-in-the-era-of-big-data/179304
2020-04-07 20:42:13,326 :: INFO :: Scraping : https://www.business2community.com/human-resources/how-people-analytics-informs-hr-strategy-02257560
2020-04-07 20:42:14,221 :: INFO :: Scraping : https://itmunch.com/the-importance-of-human-resources-analytics/
2020-04-07 20:42:15,934 :: INFO :: Scraping : https://spendmatters.com/2020/03/17/coronavirus-affects-the-world-of-work-how-can-businesses-cope-with-the-covid-19-outbreak-part-1/
2020-04-07 20:42:17,703 :: INFO :: Scraping : https://www.hrtechnologist.com/articles/hr-analytics/making-sense-of-hr-tech-in-2021/
2020-04-07 20:42:19,738 :: INFO :: Scraping : https://www.hrtechnologist.com/articles/mobile-workforce/gig-economy-apps/
2020-04-07 20:42:21,791 :: INFO :: Scraping : https://germanyenglishnews.com/news/2020/04/07/operational-analytics-market-competitive-environment-and-forecast-2017-2025/
2020-04-07 20:42:22,575 :: INFO :: Scraping : https://www.techfunnel.com/hr-tech/4-hr-analytics-frameworks-to-use-in-your-organization/
2020-04-07 20:42:23,067 :: INFO :: Scraping : https://www.hrtechnologist.com/articles/hr-analytics/how-to-use-data-to-make-better-workplace-decisions/
2020-04-07 20:42:24,397 :: INFO :: Scraping : https://www.analyticsinsight.net/implementing-hr-analytics-strategies-to-frame-your-business-success/
2020-04-07 20:42:27,486 :: INFO :: Scraping : https://finance.yahoo.com/news/hr-analytics-market-133355086.html
2020-04-07 20:42:29,342 :: INFO :: Scraping : https://www.personneltoday.com/hr/why-do-most-hr-analytics-projects-fail/
2020-04-07 20:42:31,440 :: INFO :: Scraping : https://diginomica.com/power-people-irony-around-hr-analytics-according-bersin-deloittes-david-mallon
2020-04-07 20:42:32,576 :: INFO :: Scraping : https://www.business2community.com/human-resources/the-business-case-for-hr-software-and-people-analytics-02287575
2020-04-07 20:42:33,469 :: INFO :: Scraping : https://www.gallup.com/workplace/259958/optimize-people-analytics.aspx
2020-04-07 20:42:34,399 :: INFO :: Scraping : https://www.hrexchangenetwork.com/people-analytics/articles/assessing-your-hr-analytics-capability
2020-04-07 20:42:36,561 :: INFO :: Scraping : https://www.hrexchangenetwork.com/people-analytics/articles/top-10-hr-data-articles-of-2019
2020-04-07 20:42:38,487 :: INFO :: Scraping : https://www.businesswireindia.com/culture-of-innovation-and-creativity-makes-sas-a-best-workplace-in-asia-67653.html
2020-04-07 20:42:40,089 :: INFO :: Scraping : https://www.hrtechnologist.com/articles/mobile-workforce/ways-to-prepare-for-a-blended-workforce/
2020-04-07 20:42:41,396 :: INFO :: Scraping : https://diginomica.com/seven-years-later-update-hr-analytics-pioneer-visier
2020-04-07 20:42:42,574 :: INFO :: Scraping : https://www.inc.com/cameron-albert-deitch/linkedin-global-talent-trends-2020-people-analytics.html
2020-04-07 20:42:43,842 :: INFO :: Scraping : https://www.gallup.com/workplace/292334/covid-strategies-policies-world-largest-companies.aspx
2020-04-07 20:42:44,474 :: INFO :: Scraping : https://hrexecutive.com/looking-to-advance-your-hr-tech-analytics-know-how-heres-how/
2020-04-07 20:42:46,184 :: INFO :: Scraping : https://www.hrexchangenetwork.com/people-analytics/articles/people-analytics-success-stories
2020-04-07 20:42:48,154 :: INFO :: Scraping : https://www.hrtechnologist.com/articles/hr-analytics/data-analytics-and-reporting-drive-insightful-decisions/
2020-04-07 20:42:49,498 :: INFO :: Scraping : https://www.globenewswire.com/news-release/2019/06/19/1871384/0/en/HR-Analytics-Workforce-Management-Recruitment-and-Employee-Development-Market-Global-Forecast-to-2024.html
2020-04-07 20:42:50,239 :: INFO :: Scraping : https://www.prnewswire.co.uk/news-releases/new-no-cost-hiring-support-services-launched-by-globalization-partners-878556727.html
2020-04-07 20:42:50,312 :: INFO :: Scraping : https://www.hcamag.com/ca/specialization/hr-technology/how-to-jumpstart-a-career-in-people-analytics/212645
2020-04-07 20:42:51,847 :: INFO :: Scraping : https://www.businesswire.com/news/home/20191105005755/en/Analytics-Insight-Magazine-Announces-%E2%80%98The-10-Innovative
2020-04-07 20:42:53,454 :: INFO :: Scraping : https://solutionsreview.com/talent-management/2019/09/11/how-workforce-analytics-can-improve-talent-management/
2020-04-07 20:42:54,095 :: INFO :: Scraping : https://www.businesswire.com/news/home/20191114005549/en/Quantzig-Offers-Advanced-HR-Analytics-Solutions-Businesses
2020-04-07 20:42:56,122 :: INFO :: Scraping : https://www.analyticsinsight.net/people-analytics-automation-drives-greater-efficiency-for-hr-functions/
2020-04-07 20:42:59,357 :: INFO :: Scraping : https://www.shrm.org/resourcesandtools/hr-topics/technology/pages/how-to-develop-data-analytics-skills-in-hr.aspx
2020-04-07 20:43:03,078 :: INFO :: Scraping : https://www.globenewswire.com/news-release/2019/09/13/1915434/0/en/Outlook-on-the-World-HR-Analytics-Market-2019-2025.html
2020-04-07 20:43:03,770 :: INFO :: Scraping : https://www.prnewswire.com/news-releases/global-hr-analytics-markets-report-2019-2025-300911539.html
2020-04-07 20:43:03,887 :: INFO :: Scraping : https://www.businesswire.com/news/home/20191106005140/en/Organic-Chemicals-Manufacturer-Leverages-HR-Analytics-Drive
2020-04-07 20:43:05,827 :: INFO :: ######################################
2020-04-07 20:43:05,827 :: INFO ::   Done saving   Apr-07-2020 20:43:05
2020-04-07 20:43:05,827 :: INFO :: ######################################



